Using pre-set license
Built from '2022.3/staging' branch; Version is '2022.3.7f1 (b16b3b16c7a0) revision 11627323'; Using compiler version '192829333'; Build Type 'Release'
OS: 'Windows 11  (10.0.22631) 64bit Core' Language: 'en' Physical Memory: 16146 MB
BatchMode: 1, IsHumanControllingUs: 0, StartBugReporterOnCrash: 0, Is64bit: 1, IsPro: 1

COMMAND LINE ARGUMENTS:
C:\Program Files\Unity\Hub\Editor\2022.3.7f1\Editor\Unity.exe
-adb2
-batchMode
-noUpm
-name
AssetImportWorker5
-projectPath
C:/Users/richa/OneDrive/Desktop/ITEC4650/Project Dread
-logFile
Logs/AssetImportWorker5.log
-srvPort
64276
Successfully changed project path to: C:/Users/richa/OneDrive/Desktop/ITEC4650/Project Dread
C:/Users/richa/OneDrive/Desktop/ITEC4650/Project Dread
[UnityMemory] Configuration Parameters - Can be set up in boot.config
    "memorysetup-bucket-allocator-granularity=16"
    "memorysetup-bucket-allocator-bucket-count=8"
    "memorysetup-bucket-allocator-block-size=33554432"
    "memorysetup-bucket-allocator-block-count=8"
    "memorysetup-main-allocator-block-size=16777216"
    "memorysetup-thread-allocator-block-size=16777216"
    "memorysetup-gfx-main-allocator-block-size=16777216"
    "memorysetup-gfx-thread-allocator-block-size=16777216"
    "memorysetup-cache-allocator-block-size=4194304"
    "memorysetup-typetree-allocator-block-size=2097152"
    "memorysetup-profiler-bucket-allocator-granularity=16"
    "memorysetup-profiler-bucket-allocator-bucket-count=8"
    "memorysetup-profiler-bucket-allocator-block-size=33554432"
    "memorysetup-profiler-bucket-allocator-block-count=8"
    "memorysetup-profiler-allocator-block-size=16777216"
    "memorysetup-profiler-editor-allocator-block-size=1048576"
    "memorysetup-temp-allocator-size-main=16777216"
    "memorysetup-job-temp-allocator-block-size=2097152"
    "memorysetup-job-temp-allocator-block-size-background=1048576"
    "memorysetup-job-temp-allocator-reduction-small-platforms=262144"
    "memorysetup-allocator-temp-initial-block-size-main=262144"
    "memorysetup-allocator-temp-initial-block-size-worker=262144"
    "memorysetup-temp-allocator-size-background-worker=32768"
    "memorysetup-temp-allocator-size-job-worker=262144"
    "memorysetup-temp-allocator-size-preload-manager=33554432"
    "memorysetup-temp-allocator-size-nav-mesh-worker=65536"
    "memorysetup-temp-allocator-size-audio-worker=65536"
    "memorysetup-temp-allocator-size-cloud-worker=32768"
    "memorysetup-temp-allocator-size-gi-baking-worker=262144"
    "memorysetup-temp-allocator-size-gfx=262144"
Player connection [56780] Host "[IP] 172.24.112.1 [Port] 0 [Flags] 2 [Guid] 3122488398 [EditorId] 3122488398 [Version] 1048832 [Id] WindowsEditor(7,RichiPC) [Debug] 1 [PackageName] WindowsEditor [ProjectName] Editor" joined multi-casting on [225.0.0.222:54997]...

Player connection [56780] Host "[IP] 172.24.112.1 [Port] 0 [Flags] 2 [Guid] 3122488398 [EditorId] 3122488398 [Version] 1048832 [Id] WindowsEditor(7,RichiPC) [Debug] 1 [PackageName] WindowsEditor [ProjectName] Editor" joined alternative multi-casting on [225.0.0.222:34997]...

Refreshing native plugins compatible for Editor in 69.15 ms, found 3 plugins.
Preloading 0 native plugins for Editor in 0.00 ms.
Initialize engine version: 2022.3.7f1 (b16b3b16c7a0)
[Subsystems] Discovering subsystems at path C:/Program Files/Unity/Hub/Editor/2022.3.7f1/Editor/Data/Resources/UnitySubsystems
[Subsystems] Discovering subsystems at path C:/Users/richa/OneDrive/Desktop/ITEC4650/Project Dread/Assets
GfxDevice: creating device client; threaded=0; jobified=0
Direct3D:
    Version:  Direct3D 11.0 [level 11.1]
    Renderer: NVIDIA GeForce RTX 3070 Laptop GPU (ID=0x24dd)
    Vendor:   NVIDIA
    VRAM:     8033 MB
    Driver:   31.0.15.2754
Initialize mono
Mono path[0] = 'C:/Program Files/Unity/Hub/Editor/2022.3.7f1/Editor/Data/Managed'
Mono path[1] = 'C:/Program Files/Unity/Hub/Editor/2022.3.7f1/Editor/Data/MonoBleedingEdge/lib/mono/unityjit-win32'
Mono config path = 'C:/Program Files/Unity/Hub/Editor/2022.3.7f1/Editor/Data/MonoBleedingEdge/etc'
Using monoOptions --debugger-agent=transport=dt_socket,embedding=1,server=y,suspend=n,address=127.0.0.1:56136
Begin MonoManager ReloadAssembly
Registering precompiled unity dll's ...
Register platform support module: C:/Program Files/Unity/Hub/Editor/2022.3.7f1/Editor/Data/PlaybackEngines/WebGLSupport/UnityEditor.WebGL.Extensions.dll
Register platform support module: C:/Program Files/Unity/Hub/Editor/2022.3.7f1/Editor/Data/PlaybackEngines/AndroidPlayer/UnityEditor.Android.Extensions.dll
Register platform support module: C:/Program Files/Unity/Hub/Editor/2022.3.7f1/Editor/Data/PlaybackEngines/iOSSupport/UnityEditor.iOS.Extensions.dll
Register platform support module: C:/Program Files/Unity/Hub/Editor/2022.3.7f1/Editor/Data/PlaybackEngines/WindowsStandaloneSupport/UnityEditor.WindowsStandalone.Extensions.dll
Registered in 0.033534 seconds.
- Loaded All Assemblies, in  0.694 seconds
Native extension for WindowsStandalone target not found
[usbmuxd] Start listen thread
[usbmuxd] Listen thread started
[usbmuxd] Send listen message
Native extension for iOS target not found
Native extension for Android target not found
Android Extension - Scanning For ADB Devices 874 ms
Native extension for WebGL target not found
Mono: successfully reloaded assembly
- Finished resetting the current domain, in  1.383 seconds
Domain Reload Profiling: 2072ms
	BeginReloadAssembly (249ms)
		ExecutionOrderSort (0ms)
		DisableScriptedObjects (0ms)
		BackupInstance (0ms)
		ReleaseScriptingObjects (0ms)
		CreateAndSetChildDomain (1ms)
	RebuildCommonClasses (43ms)
	RebuildNativeTypeToScriptingClass (25ms)
	initialDomainReloadingComplete (123ms)
	LoadAllAssembliesAndSetupDomain (249ms)
		LoadAssemblies (246ms)
		RebuildTransferFunctionScriptingTraits (0ms)
		AnalyzeDomain (242ms)
			TypeCache.Refresh (241ms)
				TypeCache.ScanAssembly (218ms)
			ScanForSourceGeneratedMonoScriptInfo (0ms)
			ResolveRequiredComponents (1ms)
	FinalizeReload (1383ms)
		ReleaseScriptCaches (0ms)
		RebuildScriptCaches (0ms)
		SetupLoadedEditorAssemblies (1301ms)
			LogAssemblyErrors (0ms)
			InitializePlatformSupportModulesInManaged (1069ms)
			SetLoadedEditorAssemblies (6ms)
			RefreshPlugins (0ms)
			BeforeProcessingInitializeOnLoad (4ms)
			ProcessInitializeOnLoadAttributes (154ms)
			ProcessInitializeOnLoadMethodAttributes (68ms)
			AfterProcessingInitializeOnLoad (0ms)
			EditorAssembliesLoaded (0ms)
		ExecutionOrderSort2 (0ms)
		AwakeInstancesAfterBackupRestoration (0ms)
========================================================================
Worker process is ready to serve import requests
Begin MonoManager ReloadAssembly
Symbol file LoadedFromMemory doesn't match image C:\Users\richa\OneDrive\Desktop\ITEC4650\Project Dread\Library\PackageCache\com.unity.visualscripting@1.8.0\Editor\VisualScripting.Core\Dependencies\YamlDotNet\Unity.VisualScripting.YamlDotNet.dll
Symbol file LoadedFromMemory doesn't match image C:\Users\richa\OneDrive\Desktop\ITEC4650\Project Dread\Library\PackageCache\com.unity.visualscripting@1.8.0\Editor\VisualScripting.Core\Dependencies\DotNetZip\Unity.VisualScripting.IonicZip.dll
- Loaded All Assemblies, in  1.718 seconds
Refreshing native plugins compatible for Editor in 13.80 ms, found 3 plugins.
Native extension for WindowsStandalone target not found
Native extension for iOS target not found
Native extension for Android target not found
Native extension for WebGL target not found
[MODES] ModeService[none].Initialize
[MODES] ModeService[none].LoadModes
[MODES] Loading mode Default (0) for mode-current-id-Project Dread
Package Manager log level set to [2]
[Package Manager] Server::EnsureServerProcessIsRunning -- launch failed, reason: Unity was launched with the -noUpm command-line argument
[Package Manager] UpmClient::Send -- Unable to send message (not connected to UPM process).
[Package Manager] Cannot connect to Unity Package Manager local server
Mono: successfully reloaded assembly
- Finished resetting the current domain, in  1.797 seconds
Domain Reload Profiling: 3499ms
	BeginReloadAssembly (241ms)
		ExecutionOrderSort (0ms)
		DisableScriptedObjects (7ms)
		BackupInstance (0ms)
		ReleaseScriptingObjects (0ms)
		CreateAndSetChildDomain (39ms)
	RebuildCommonClasses (41ms)
	RebuildNativeTypeToScriptingClass (13ms)
	initialDomainReloadingComplete (115ms)
	LoadAllAssembliesAndSetupDomain (1292ms)
		LoadAssemblies (969ms)
		RebuildTransferFunctionScriptingTraits (0ms)
		AnalyzeDomain (472ms)
			TypeCache.Refresh (396ms)
				TypeCache.ScanAssembly (365ms)
			ScanForSourceGeneratedMonoScriptInfo (49ms)
			ResolveRequiredComponents (22ms)
	FinalizeReload (1797ms)
		ReleaseScriptCaches (0ms)
		RebuildScriptCaches (0ms)
		SetupLoadedEditorAssemblies (1443ms)
			LogAssemblyErrors (0ms)
			InitializePlatformSupportModulesInManaged (50ms)
			SetLoadedEditorAssemblies (10ms)
			RefreshPlugins (0ms)
			BeforeProcessingInitializeOnLoad (251ms)
			ProcessInitializeOnLoadAttributes (986ms)
			ProcessInitializeOnLoadMethodAttributes (131ms)
			AfterProcessingInitializeOnLoad (15ms)
			EditorAssembliesLoaded (0ms)
		ExecutionOrderSort2 (0ms)
		AwakeInstancesAfterBackupRestoration (9ms)
Launched and connected shader compiler UnityShaderCompiler.exe after 0.09 seconds
Refreshing native plugins compatible for Editor in 12.95 ms, found 3 plugins.
Preloading 0 native plugins for Editor in 0.00 ms.
Unloading 7817 Unused Serialized files (Serialized files now loaded: 0)
Unloading 272 unused Assets / (15.7 MB). Loaded Objects now: 8200.
Memory consumption went from 435.9 MB to 420.3 MB.
Total: 11.802600 ms (FindLiveObjects: 0.919600 ms CreateObjectMapping: 0.996900 ms MarkObjects: 4.811000 ms  DeleteObjects: 5.073600 ms)

AssetImportParameters requested are different than current active one (requested -> active):
  custom:container-demuxer-ogg: 62fdf1f143b41e24485cea50d1cbac27 -> 
  custom:framework-win-MediaFoundation: 216162199b28c13a410421893ffa2e32 -> 
  custom:scripting/monoscript/fileName/MapGenEditor.cs: 4989b8cdd69f0ac53f0ae4225d49332d -> 
  custom:container-muxer-webm: aa71ff27fc2769a1b78a27578f13a17b -> 
  custom:video-decoder-webm-vp8: 9c59270c3fd7afecdb556c50c9e8de78 -> 
  custom:SearchIndexIgnoredProperties: e643bd26f0fe6173181afceb89e7c659 -> 
  custom:AudioImporter_EditorPlatform: d09bf68614088b80899f8185d706f6e7 -> 
  custom:audio-decoder-ogg-vorbis: bf7c407c2cedff20999df2af8eb42d56 -> 
  custom:audio-encoder-webm-vorbis: bf7c407c2cedff20999df2af8eb42d56 -> 
  custom:video-codec-MediaFoundation-h265: 746d11721c4dcdbdad8f713fa42b33f4 -> 
  custom:video-decoder-ogg-theora: a1e56fd34408186e4bbccfd4996cb3dc -> 
  custom:CustomObjectIndexerAttribute: d54d2f2da18e7612c182cf67624b6b12 -> 
  custom:container-demuxer-webm: 4f35f7cbe854078d1ac9338744f61a02 -> 
  custom:video-encoder-webm-vp8: eb34c28f22e8b96e1ab97ce403110664 -> 
========================================================================
Received Import Request.
  Time since last request: 458108.554738 seconds.
  path: Assets/Models/JapaneseSchool/Textures/Concrete_A/Concrete_A_MaskMap.png
  artifactKey: Guid(e202f31c28cc3434dbdd48c330b8dddf) Importer(2089858483,0ecaa5967403d082aa24f35e1b516d23)
Start importing Assets/Models/JapaneseSchool/Textures/Concrete_A/Concrete_A_MaskMap.png using Guid(e202f31c28cc3434dbdd48c330b8dddf) Importer(2089858483,0ecaa5967403d082aa24f35e1b516d23) Generated GUIDs only implemented for interfaces!
 -> (artifact id: '43447a2b78701f0d2ec2c85a2c67bb97') in 0.398883 seconds
Number of updated asset objects reloaded before import = 0
Number of asset objects unloaded after import = 1
========================================================================
Received Import Request.
  Time since last request: 0.000029 seconds.
  path: Assets/Models/JapaneseSchool/Scenes/Demo/ReflectionProbe-6.exr
  artifactKey: Guid(417e439ee57cb8b418c54cea6d76e4fd) Importer(2089858483,0ecaa5967403d082aa24f35e1b516d23)
Start importing Assets/Models/JapaneseSchool/Scenes/Demo/ReflectionProbe-6.exr using Guid(417e439ee57cb8b418c54cea6d76e4fd) Importer(2089858483,0ecaa5967403d082aa24f35e1b516d23) Generated GUIDs only implemented for interfaces!
 -> (artifact id: 'e0370486d992a97d83d5cfff2715b2ba') in 0.044253 seconds
Number of updated asset objects reloaded before import = 0
Number of asset objects unloaded after import = 1
========================================================================
Received Import Request.
  Time since last request: 0.000024 seconds.
  path: Assets/Models/JapaneseSchool/Prefabs/Reflection Probes/Classroom Reflection Probe.prefab
  artifactKey: Guid(541c5168990c0cf4597296f51738a451) Importer(2089858483,0ecaa5967403d082aa24f35e1b516d23)
Start importing Assets/Models/JapaneseSchool/Prefabs/Reflection Probes/Classroom Reflection Probe.prefab using Guid(541c5168990c0cf4597296f51738a451) Importer(2089858483,0ecaa5967403d082aa24f35e1b516d23) Generated GUIDs only implemented for interfaces!
 -> (artifact id: '178a3dcfa054921aae662a9dc2b9021a') in 0.016298 seconds
Number of updated asset objects reloaded before import = 0
Number of asset objects unloaded after import = 7
========================================================================
Received Import Request.
  Time since last request: 0.000025 seconds.
  path: Assets/Models/JapaneseSchool/Textures/Brick_B/Brick_B_MaskMap.png
  artifactKey: Guid(5357bdffa884d3c49be1610e78c11511) Importer(2089858483,0ecaa5967403d082aa24f35e1b516d23)
Start importing Assets/Models/JapaneseSchool/Textures/Brick_B/Brick_B_MaskMap.png using Guid(5357bdffa884d3c49be1610e78c11511) Importer(2089858483,0ecaa5967403d082aa24f35e1b516d23) Generated GUIDs only implemented for interfaces!
 -> (artifact id: '491360a7ff10213ce3d59fee621aa8f8') in 0.050272 seconds
Number of updated asset objects reloaded before import = 0
Number of asset objects unloaded after import = 1
========================================================================
Received Import Request.
  Time since last request: 0.000019 seconds.
  path: Assets/Models/JapaneseSchool/Meshes/Fence_B.fbx
  artifactKey: Guid(c8393d6658d9a784088b57cff4b2b8bd) Importer(2089858483,0ecaa5967403d082aa24f35e1b516d23)
Start importing Assets/Models/JapaneseSchool/Meshes/Fence_B.fbx using Guid(c8393d6658d9a784088b57cff4b2b8bd) Importer(2089858483,0ecaa5967403d082aa24f35e1b516d23) Generated GUIDs only implemented for interfaces!
 -> (artifact id: '78a646f69e40477fb017d8bd6c9a2d18') in 0.062073 seconds
Number of updated asset objects reloaded before import = 0
Number of asset objects unloaded after import = 7
========================================================================
Received Import Request.
  Time since last request: 0.000205 seconds.
  path: Assets/Models/JapaneseSchool/Scenes/Demo/ReflectionProbe-11.exr
  artifactKey: Guid(8d1ec002fd58f304eacd1e6583156f49) Importer(2089858483,0ecaa5967403d082aa24f35e1b516d23)
Start importing Assets/Models/JapaneseSchool/Scenes/Demo/ReflectionProbe-11.exr using Guid(8d1ec002fd58f304eacd1e6583156f49) Importer(2089858483,0ecaa5967403d082aa24f35e1b516d23) Generated GUIDs only implemented for interfaces!
 -> (artifact id: '48ac60c2d0eefe85f5fde7021a774725') in 0.047519 seconds
Number of updated asset objects reloaded before import = 0
Number of asset objects unloaded after import = 1
========================================================================
Received Import Request.
  Time since last request: 0.000032 seconds.
  path: Assets/Models/JapaneseSchool/Scenes/Demo/ReflectionProbe-26.exr
  artifactKey: Guid(7b6a98c0663bdf84fb2a7cae9cb92d44) Importer(2089858483,0ecaa5967403d082aa24f35e1b516d23)
Start importing Assets/Models/JapaneseSchool/Scenes/Demo/ReflectionProbe-26.exr using Guid(7b6a98c0663bdf84fb2a7cae9cb92d44) Importer(2089858483,0ecaa5967403d082aa24f35e1b516d23) Generated GUIDs only implemented for interfaces!
 -> (artifact id: '9091d2435cfba9c4d17e4b343063f348') in 0.031952 seconds
Number of updated asset objects reloaded before import = 0
Number of asset objects unloaded after import = 1
========================================================================
Received Import Request.
  Time since last request: 0.000017 seconds.
  path: Assets/Models/JapaneseSchool/Scenes/Demo/Lightmap-25_comp_dir.png
  artifactKey: Guid(be27c25c8427c2b4ea4c82bb8c3c9a75) Importer(2089858483,0ecaa5967403d082aa24f35e1b516d23)
Start importing Assets/Models/JapaneseSchool/Scenes/Demo/Lightmap-25_comp_dir.png using Guid(be27c25c8427c2b4ea4c82bb8c3c9a75) Importer(2089858483,0ecaa5967403d082aa24f35e1b516d23) Generated GUIDs only implemented for interfaces!
 -> (artifact id: '436047d8101b1577671726c82b5ab86a') in 0.049224 seconds
Number of updated asset objects reloaded before import = 0
Number of asset objects unloaded after import = 1
========================================================================
Received Import Request.
  Time since last request: 0.000024 seconds.
  path: Assets/Models/JapaneseSchool/Scenes/Demo/Lightmap-6_comp_light.exr
  artifactKey: Guid(155652d700d951a48866e5b381ffe9bf) Importer(2089858483,0ecaa5967403d082aa24f35e1b516d23)
Start importing Assets/Models/JapaneseSchool/Scenes/Demo/Lightmap-6_comp_light.exr using Guid(155652d700d951a48866e5b381ffe9bf) Importer(2089858483,0ecaa5967403d082aa24f35e1b516d23) Generated GUIDs only implemented for interfaces!
 -> (artifact id: 'ff0f26b9da98b6e7e291671369758651') in 0.084324 seconds
Number of updated asset objects reloaded before import = 0
Number of asset objects unloaded after import = 1
========================================================================
Received Import Request.
  Time since last request: 0.000031 seconds.
  path: Assets/Models/JapaneseSchool/Scenes/Demo/ReflectionProbe-1.exr
  artifactKey: Guid(10f087056e5c4dd4f9eae913179e4433) Importer(2089858483,0ecaa5967403d082aa24f35e1b516d23)
Start importing Assets/Models/JapaneseSchool/Scenes/Demo/ReflectionProbe-1.exr using Guid(10f087056e5c4dd4f9eae913179e4433) Importer(2089858483,0ecaa5967403d082aa24f35e1b516d23) Generated GUIDs only implemented for interfaces!
 -> (artifact id: '0b124a0de3eed4d50fea3c5b5e3db4e8') in 0.033137 seconds
Number of updated asset objects reloaded before import = 0
Number of asset objects unloaded after import = 1
========================================================================
Received Import Request.
  Time since last request: 0.000031 seconds.
  path: Assets/Models/JapaneseSchool/Prefabs/Desk_A.prefab
  artifactKey: Guid(2ccc42e438c20dd4297c5e7e7af7886a) Importer(2089858483,0ecaa5967403d082aa24f35e1b516d23)
Start importing Assets/Models/JapaneseSchool/Prefabs/Desk_A.prefab using Guid(2ccc42e438c20dd4297c5e7e7af7886a) Importer(2089858483,0ecaa5967403d082aa24f35e1b516d23) Generated GUIDs only implemented for interfaces!
 -> (artifact id: 'abfcdeb37d61bee1128a453cbb0ca202') in 0.012918 seconds
Number of updated asset objects reloaded before import = 0
Number of asset objects unloaded after import = 15
========================================================================
Received Import Request.
  Time since last request: 0.000022 seconds.
  path: Assets/Models/JapaneseSchool/Scenes/Demo/ReflectionProbe-0.exr
  artifactKey: Guid(65758fc730759f044a2479909c5c4907) Importer(2089858483,0ecaa5967403d082aa24f35e1b516d23)
Start importing Assets/Models/JapaneseSchool/Scenes/Demo/ReflectionProbe-0.exr using Guid(65758fc730759f044a2479909c5c4907) Importer(2089858483,0ecaa5967403d082aa24f35e1b516d23) Generated GUIDs only implemented for interfaces!
 -> (artifact id: '8332b175ae02f81788b1be5675d9cacf') in 0.031020 seconds
Number of updated asset objects reloaded before import = 0
Number of asset objects unloaded after import = 1
========================================================================
Received Import Request.
  Time since last request: 0.000017 seconds.
  path: Assets/Models/JapaneseSchool/Prefabs/Reflection Probes/Hallway Reflection Probe.prefab
  artifactKey: Guid(0555eec19e47b8f40ae1842b06baf1ed) Importer(2089858483,0ecaa5967403d082aa24f35e1b516d23)
Start importing Assets/Models/JapaneseSchool/Prefabs/Reflection Probes/Hallway Reflection Probe.prefab using Guid(0555eec19e47b8f40ae1842b06baf1ed) Importer(2089858483,0ecaa5967403d082aa24f35e1b516d23) Generated GUIDs only implemented for interfaces!
 -> (artifact id: '11036d736bf6bd92c4e27e9c4b004324') in 0.008210 seconds
Number of updated asset objects reloaded before import = 0
Number of asset objects unloaded after import = 7
========================================================================
Received Import Request.
  Time since last request: 0.000026 seconds.
  path: Assets/Models/JapaneseSchool/Materials/Brick_B.mat
  artifactKey: Guid(36519b8bde43ed24fb0abe9a55924e70) Importer(2089858483,0ecaa5967403d082aa24f35e1b516d23)
Start importing Assets/Models/JapaneseSchool/Materials/Brick_B.mat using Guid(36519b8bde43ed24fb0abe9a55924e70) Importer(2089858483,0ecaa5967403d082aa24f35e1b516d23) Generated GUIDs only implemented for interfaces!
 -> (artifact id: 'e385dd965d164703ceb7fdd73f6980df') in 0.051454 seconds
Number of updated asset objects reloaded before import = 0
Number of asset objects unloaded after import = 6
========================================================================
Received Import Request.
  Time since last request: 0.000023 seconds.
  path: Assets/Models/JapaneseSchool/Scenes/Demo/Lightmap-8_comp_light.exr
  artifactKey: Guid(3233eadad52b974408dd91cd0591de3f) Importer(2089858483,0ecaa5967403d082aa24f35e1b516d23)
Start importing Assets/Models/JapaneseSchool/Scenes/Demo/Lightmap-8_comp_light.exr using Guid(3233eadad52b974408dd91cd0591de3f) Importer(2089858483,0ecaa5967403d082aa24f35e1b516d23) Generated GUIDs only implemented for interfaces!
 -> (artifact id: '3e2a8409c3e16a6e8cc98ad28c40a557') in 0.037823 seconds
Number of updated asset objects reloaded before import = 0
Number of asset objects unloaded after import = 1
========================================================================
Received Import Request.
  Time since last request: 0.000065 seconds.
  path: Assets/Models/JapaneseSchool/Scenes/Demo/Lightmap-19_comp_light.exr
  artifactKey: Guid(795e04cb7120ddb44b7da264b411936f) Importer(2089858483,0ecaa5967403d082aa24f35e1b516d23)
Start importing Assets/Models/JapaneseSchool/Scenes/Demo/Lightmap-19_comp_light.exr using Guid(795e04cb7120ddb44b7da264b411936f) Importer(2089858483,0ecaa5967403d082aa24f35e1b516d23) Generated GUIDs only implemented for interfaces!
 -> (artifact id: 'af0b3da04f36b83dc931de519cd35a7c') in 0.041405 seconds
Number of updated asset objects reloaded before import = 0
Number of asset objects unloaded after import = 1
========================================================================
Received Import Request.
  Time since last request: 0.000025 seconds.
  path: Assets/Models/JapaneseSchool/Scenes/Demo/Lightmap-8_comp_dir.png
  artifactKey: Guid(c26735153a97a9f4985276ca44188771) Importer(2089858483,0ecaa5967403d082aa24f35e1b516d23)
Start importing Assets/Models/JapaneseSchool/Scenes/Demo/Lightmap-8_comp_dir.png using Guid(c26735153a97a9f4985276ca44188771) Importer(2089858483,0ecaa5967403d082aa24f35e1b516d23) Generated GUIDs only implemented for interfaces!
 -> (artifact id: 'a87a123d7e44dacc4a86cb8ce596775c') in 0.044905 seconds
Number of updated asset objects reloaded before import = 0
Number of asset objects unloaded after import = 1
========================================================================
Received Import Request.
  Time since last request: 0.000021 seconds.
  path: Assets/Models/JapaneseSchool/Scenes/Demo/Lightmap-15_comp_light.exr
  artifactKey: Guid(674e094c1adaf664cba7a94a25580ed7) Importer(2089858483,0ecaa5967403d082aa24f35e1b516d23)
Start importing Assets/Models/JapaneseSchool/Scenes/Demo/Lightmap-15_comp_light.exr using Guid(674e094c1adaf664cba7a94a25580ed7) Importer(2089858483,0ecaa5967403d082aa24f35e1b516d23) Generated GUIDs only implemented for interfaces!
 -> (artifact id: 'b63313b14a445efbcaa585199ae1c1e6') in 0.049893 seconds
Number of updated asset objects reloaded before import = 0
Number of asset objects unloaded after import = 1
========================================================================
Received Import Request.
  Time since last request: 0.000019 seconds.
  path: Assets/Models/JapaneseSchool/Scenes/Demo/Lightmap-20_comp_dir.png
  artifactKey: Guid(c8212fadf5c2be94892e9ceacd768ea8) Importer(2089858483,0ecaa5967403d082aa24f35e1b516d23)
Start importing Assets/Models/JapaneseSchool/Scenes/Demo/Lightmap-20_comp_dir.png using Guid(c8212fadf5c2be94892e9ceacd768ea8) Importer(2089858483,0ecaa5967403d082aa24f35e1b516d23) Generated GUIDs only implemented for interfaces!
 -> (artifact id: 'b5e961eed5bd69eba9296763c21aa607') in 0.040997 seconds
Number of updated asset objects reloaded before import = 0
Number of asset objects unloaded after import = 1
========================================================================
Received Import Request.
  Time since last request: 0.000028 seconds.
  path: Assets/Models/JapaneseSchool/Scenes/Demo/Lightmap-4_comp_dir.png
  artifactKey: Guid(62aa0aba41223ee48a0e94b7d408dc35) Importer(2089858483,0ecaa5967403d082aa24f35e1b516d23)
Start importing Assets/Models/JapaneseSchool/Scenes/Demo/Lightmap-4_comp_dir.png using Guid(62aa0aba41223ee48a0e94b7d408dc35) Importer(2089858483,0ecaa5967403d082aa24f35e1b516d23) Generated GUIDs only implemented for interfaces!
 -> (artifact id: '718d3584155fb77cda8fe4dc68afdcb2') in 0.041429 seconds
Number of updated asset objects reloaded before import = 0
Number of asset objects unloaded after import = 1
========================================================================
Received Import Request.
  Time since last request: 0.000017 seconds.
  path: Assets/Models/JapaneseSchool/Scenes/Demo/Lightmap-15_comp_dir.png
  artifactKey: Guid(b18826f547c2dff4b82f8d54458810fe) Importer(2089858483,0ecaa5967403d082aa24f35e1b516d23)
Start importing Assets/Models/JapaneseSchool/Scenes/Demo/Lightmap-15_comp_dir.png using Guid(b18826f547c2dff4b82f8d54458810fe) Importer(2089858483,0ecaa5967403d082aa24f35e1b516d23) Generated GUIDs only implemented for interfaces!
 -> (artifact id: '43bb94f0ab4d5e21c0f81cc5788d58ca') in 0.043881 seconds
Number of updated asset objects reloaded before import = 0
Number of asset objects unloaded after import = 1
========================================================================
Received Import Request.
  Time since last request: 0.000022 seconds.
  path: Assets/Models/JapaneseSchool/Scenes/Demo/Lightmap-9_comp_dir.png
  artifactKey: Guid(190156fe28a6b7647ae890af9f53dc7c) Importer(2089858483,0ecaa5967403d082aa24f35e1b516d23)
Start importing Assets/Models/JapaneseSchool/Scenes/Demo/Lightmap-9_comp_dir.png using Guid(190156fe28a6b7647ae890af9f53dc7c) Importer(2089858483,0ecaa5967403d082aa24f35e1b516d23) Generated GUIDs only implemented for interfaces!
 -> (artifact id: '617e514542c58461310900feef15bad8') in 0.037841 seconds
Number of updated asset objects reloaded before import = 0
Number of asset objects unloaded after import = 1
========================================================================
Received Import Request.
  Time since last request: 0.000037 seconds.
  path: Assets/Models/JapaneseSchool/Scenes/Demo/Lightmap-7_comp_light.exr
  artifactKey: Guid(bd66f6ba9bac5564bba911106cfdac3d) Importer(2089858483,0ecaa5967403d082aa24f35e1b516d23)
Start importing Assets/Models/JapaneseSchool/Scenes/Demo/Lightmap-7_comp_light.exr using Guid(bd66f6ba9bac5564bba911106cfdac3d) Importer(2089858483,0ecaa5967403d082aa24f35e1b516d23) Generated GUIDs only implemented for interfaces!
 -> (artifact id: '8fca6462a76dafb657979a8f78e8f9cc') in 0.040160 seconds
Number of updated asset objects reloaded before import = 0
Number of asset objects unloaded after import = 1
========================================================================
Received Import Request.
  Time since last request: 0.000018 seconds.
  path: Assets/Models/JapaneseSchool/Scenes/Demo/Lightmap-16_comp_dir.png
  artifactKey: Guid(041326fe285bd8245b8a03f25c054f00) Importer(2089858483,0ecaa5967403d082aa24f35e1b516d23)
Start importing Assets/Models/JapaneseSchool/Scenes/Demo/Lightmap-16_comp_dir.png using Guid(041326fe285bd8245b8a03f25c054f00) Importer(2089858483,0ecaa5967403d082aa24f35e1b516d23) Generated GUIDs only implemented for interfaces!
 -> (artifact id: '282c68c403b5b7617221afc4496d6add') in 0.041817 seconds
Number of updated asset objects reloaded before import = 0
Number of asset objects unloaded after import = 1
========================================================================
Received Import Request.
  Time since last request: 0.000021 seconds.
  path: Assets/Models/JapaneseSchool/Scenes/Demo/Lightmap-25_comp_light.exr
  artifactKey: Guid(2012ef84cd9203544ab0b8c25437060d) Importer(2089858483,0ecaa5967403d082aa24f35e1b516d23)
Start importing Assets/Models/JapaneseSchool/Scenes/Demo/Lightmap-25_comp_light.exr using Guid(2012ef84cd9203544ab0b8c25437060d) Importer(2089858483,0ecaa5967403d082aa24f35e1b516d23) Generated GUIDs only implemented for interfaces!
 -> (artifact id: '3efb062609c3b9a985c8760e70fd4c02') in 0.044933 seconds
Number of updated asset objects reloaded before import = 0
Number of asset objects unloaded after import = 1
========================================================================
Received Import Request.
  Time since last request: 0.000017 seconds.
  path: Assets/Models/JapaneseSchool/Scenes/Demo/Lightmap-7_comp_dir.png
  artifactKey: Guid(b60302baee81a3c49bb00ac40aeda5fa) Importer(2089858483,0ecaa5967403d082aa24f35e1b516d23)
Start importing Assets/Models/JapaneseSchool/Scenes/Demo/Lightmap-7_comp_dir.png using Guid(b60302baee81a3c49bb00ac40aeda5fa) Importer(2089858483,0ecaa5967403d082aa24f35e1b516d23) Generated GUIDs only implemented for interfaces!
 -> (artifact id: 'f5d1910711354c5e99a772fc0a071742') in 0.038703 seconds
Number of updated asset objects reloaded before import = 0
Number of asset objects unloaded after import = 1
========================================================================
Received Import Request.
  Time since last request: 0.000023 seconds.
  path: Assets/Models/JapaneseSchool/Scenes/Demo/Lightmap-13_comp_dir.png
  artifactKey: Guid(6e8ce0ab78d206a4795e91465b292448) Importer(2089858483,0ecaa5967403d082aa24f35e1b516d23)
Start importing Assets/Models/JapaneseSchool/Scenes/Demo/Lightmap-13_comp_dir.png using Guid(6e8ce0ab78d206a4795e91465b292448) Importer(2089858483,0ecaa5967403d082aa24f35e1b516d23) Generated GUIDs only implemented for interfaces!
 -> (artifact id: '40731e8bef7228f689d7f068d74d0d41') in 0.037880 seconds
Number of updated asset objects reloaded before import = 0
Number of asset objects unloaded after import = 1
========================================================================
Received Import Request.
  Time since last request: 0.000023 seconds.
  path: Assets/Models/JapaneseSchool/Scenes/Demo/LightingData.asset
  artifactKey: Guid(106ef98e4f512cd4495c5b3415f49911) Importer(2089858483,0ecaa5967403d082aa24f35e1b516d23)
Start importing Assets/Models/JapaneseSchool/Scenes/Demo/LightingData.asset using Guid(106ef98e4f512cd4495c5b3415f49911) Importer(2089858483,0ecaa5967403d082aa24f35e1b516d23) Generated GUIDs only implemented for interfaces!
 -> (artifact id: '800dcc61ee9dabbf0cdb8a3493c687bb') in 0.009083 seconds
Number of updated asset objects reloaded before import = 0
Number of asset objects unloaded after import = 2
========================================================================
Received Import Request.
  Time since last request: 0.000022 seconds.
  path: Assets/Models/JapaneseSchool/Scenes/Demo/Lightmap-10_comp_dir.png
  artifactKey: Guid(205557c7a3a1f2e46bdf7ec723f5f083) Importer(2089858483,0ecaa5967403d082aa24f35e1b516d23)
Start importing Assets/Models/JapaneseSchool/Scenes/Demo/Lightmap-10_comp_dir.png using Guid(205557c7a3a1f2e46bdf7ec723f5f083) Importer(2089858483,0ecaa5967403d082aa24f35e1b516d23) Generated GUIDs only implemented for interfaces!
 -> (artifact id: '7305a3a7f8b9ab08b86565fb672bd63a') in 0.044143 seconds
Number of updated asset objects reloaded before import = 0
Number of asset objects unloaded after import = 1
========================================================================
Received Import Request.
  Time since last request: 0.000017 seconds.
  path: Assets/Animations/Church Doors/LeftDoor/close_Door.anim
  artifactKey: Guid(58c9547f73a74a743ac2d510322fb39d) Importer(2089858483,0ecaa5967403d082aa24f35e1b516d23)
Start importing Assets/Animations/Church Doors/LeftDoor/close_Door.anim using Guid(58c9547f73a74a743ac2d510322fb39d) Importer(2089858483,0ecaa5967403d082aa24f35e1b516d23) Generated GUIDs only implemented for interfaces!
 -> (artifact id: '1382f91788165fd7cc71ee0ffa9be998') in 0.015039 seconds
Number of updated asset objects reloaded before import = 0
Number of asset objects unloaded after import = 1
========================================================================
Received Import Request.
  Time since last request: 0.000021 seconds.
  path: Assets/Models/School Supplies/Models/Materials/pen_pencil_eraser.mat
  artifactKey: Guid(ad49c4ac85e71c74a87192f50dfae7af) Importer(2089858483,0ecaa5967403d082aa24f35e1b516d23)
Start importing Assets/Models/School Supplies/Models/Materials/pen_pencil_eraser.mat using Guid(ad49c4ac85e71c74a87192f50dfae7af) Importer(2089858483,0ecaa5967403d082aa24f35e1b516d23) Generated GUIDs only implemented for interfaces!
 -> (artifact id: '314d3ad3a8cf48024e765a577a5956e6') in 0.022871 seconds
Number of updated asset objects reloaded before import = 0
Number of asset objects unloaded after import = 2
========================================================================
Received Import Request.
  Time since last request: 0.000027 seconds.
  path: Assets/Models/School Supplies/Demo Scene/demoSettings.lighting
  artifactKey: Guid(860cc843f4af1054b9611b1fc4ac3174) Importer(2089858483,0ecaa5967403d082aa24f35e1b516d23)
Start importing Assets/Models/School Supplies/Demo Scene/demoSettings.lighting using Guid(860cc843f4af1054b9611b1fc4ac3174) Importer(2089858483,0ecaa5967403d082aa24f35e1b516d23) LightingSettings: switching bake backend from 1 to 0.
Generated GUIDs only implemented for interfaces!
 -> (artifact id: 'd74d8fa074cf8c6829b8e59950d9c6a4') in 0.031155 seconds
Number of updated asset objects reloaded before import = 0
Number of asset objects unloaded after import = 1
========================================================================
Received Import Request.
  Time since last request: 0.000035 seconds.
  path: Assets/Models/School Supplies/Pen.prefab
  artifactKey: Guid(0bc9f3e0b20fe984697b880329a181fd) Importer(2089858483,0ecaa5967403d082aa24f35e1b516d23)
Start importing Assets/Models/School Supplies/Pen.prefab using Guid(0bc9f3e0b20fe984697b880329a181fd) Importer(2089858483,0ecaa5967403d082aa24f35e1b516d23) Generated GUIDs only implemented for interfaces!
 -> (artifact id: 'c474189511d2ab9d7667e64150292f98') in 0.020860 seconds
Number of updated asset objects reloaded before import = 0
Number of asset objects unloaded after import = 13
========================================================================
Received Import Request.
  Time since last request: 0.000029 seconds.
  path: Assets/Models/School Supplies/Models/eraser.fbx
  artifactKey: Guid(86b4425c38d309a428a3e9d49108b180) Importer(2089858483,0ecaa5967403d082aa24f35e1b516d23)
Start importing Assets/Models/School Supplies/Models/eraser.fbx using Guid(86b4425c38d309a428a3e9d49108b180) Importer(2089858483,0ecaa5967403d082aa24f35e1b516d23) Generated GUIDs only implemented for interfaces!
 -> (artifact id: '7b8c8fa907e3d1c48c733273ed8a4b58') in 0.032230 seconds
Number of updated asset objects reloaded before import = 0
Number of asset objects unloaded after import = 7
========================================================================
Received Import Request.
  Time since last request: 0.000029 seconds.
  path: Assets/Models/School Supplies/Models/Textures/pen_pencil_eraser_metallic.tga
  artifactKey: Guid(d291a63a41033e14ab5dd4dbffa04ce0) Importer(2089858483,0ecaa5967403d082aa24f35e1b516d23)
Start importing Assets/Models/School Supplies/Models/Textures/pen_pencil_eraser_metallic.tga using Guid(d291a63a41033e14ab5dd4dbffa04ce0) Importer(2089858483,0ecaa5967403d082aa24f35e1b516d23) Generated GUIDs only implemented for interfaces!
 -> (artifact id: '5db60ad2c2d671bf5a64f918de244081') in 0.047607 seconds
Number of updated asset objects reloaded before import = 0
Number of asset objects unloaded after import = 1
========================================================================
Received Import Request.
  Time since last request: 0.000020 seconds.
  path: Assets/Animations/Church Doors/Church1_LeftDoor_A.controller
  artifactKey: Guid(1cbf6a0a7838d004ba920e7c02af422e) Importer(2089858483,0ecaa5967403d082aa24f35e1b516d23)
Start importing Assets/Animations/Church Doors/Church1_LeftDoor_A.controller using Guid(1cbf6a0a7838d004ba920e7c02af422e) Importer(2089858483,0ecaa5967403d082aa24f35e1b516d23) Generated GUIDs only implemented for interfaces!
 -> (artifact id: '4672c0fe2564175502dde49ff5f6dda9') in 0.012522 seconds
Number of updated asset objects reloaded before import = 0
Number of asset objects unloaded after import = 11
========================================================================
Received Import Request.
  Time since last request: 0.000028 seconds.
  path: Assets/Models/JapaneseSchool/Scenes/Demo/Lightmap-12_comp_light.exr
  artifactKey: Guid(0fbf9f70930557c449bcc8cfa6a7748f) Importer(2089858483,0ecaa5967403d082aa24f35e1b516d23)
Start importing Assets/Models/JapaneseSchool/Scenes/Demo/Lightmap-12_comp_light.exr using Guid(0fbf9f70930557c449bcc8cfa6a7748f) Importer(2089858483,0ecaa5967403d082aa24f35e1b516d23) Generated GUIDs only implemented for interfaces!
 -> (artifact id: 'd45fd4564d769c92a9808d15ff3f7293') in 0.041010 seconds
Number of updated asset objects reloaded before import = 0
Number of asset objects unloaded after import = 1
========================================================================
Received Import Request.
  Time since last request: 0.000020 seconds.
  path: Assets/Models/JapaneseSchool/Textures/HDR/kloofendal_48d_partly_cloudy_4k.exr
  artifactKey: Guid(c3c33b3a33ed4364ca881f56f3f2166b) Importer(2089858483,0ecaa5967403d082aa24f35e1b516d23)
Start importing Assets/Models/JapaneseSchool/Textures/HDR/kloofendal_48d_partly_cloudy_4k.exr using Guid(c3c33b3a33ed4364ca881f56f3f2166b) Importer(2089858483,0ecaa5967403d082aa24f35e1b516d23) Generated GUIDs only implemented for interfaces!
 -> (artifact id: 'dc822c9a54796f1d35d548d1cebfe125') in 0.083544 seconds
Number of updated asset objects reloaded before import = 0
Number of asset objects unloaded after import = 1
========================================================================
Received Import Request.
  Time since last request: 0.000023 seconds.
  path: Assets/RRScripts/changeSceneTrigger.cs
  artifactKey: Guid(f043bbadf11200643be098b25b770526) Importer(2089858483,0ecaa5967403d082aa24f35e1b516d23)
Start importing Assets/RRScripts/changeSceneTrigger.cs using Guid(f043bbadf11200643be098b25b770526) Importer(2089858483,0ecaa5967403d082aa24f35e1b516d23) Generated GUIDs only implemented for interfaces!
 -> (artifact id: '136e6b2ec156433ac25e71acbf0c5797') in 0.008705 seconds
Number of updated asset objects reloaded before import = 0
Number of asset objects unloaded after import = 1
========================================================================
Received Import Request.
  Time since last request: 0.000029 seconds.
  path: Assets/Models/Ghost Lady/Ghost Lady Animations/Female Standing Pose 3.anim
  artifactKey: Guid(8c6e557323133f945821e0109f4fca54) Importer(2089858483,0ecaa5967403d082aa24f35e1b516d23)
Start importing Assets/Models/Ghost Lady/Ghost Lady Animations/Female Standing Pose 3.anim using Guid(8c6e557323133f945821e0109f4fca54) Importer(2089858483,0ecaa5967403d082aa24f35e1b516d23) Generated GUIDs only implemented for interfaces!
 -> (artifact id: '63756f4de6291a3ae6ce3795f198c1c7') in 0.020733 seconds
Number of updated asset objects reloaded before import = 0
Number of asset objects unloaded after import = 1
========================================================================
Received Import Request.
  Time since last request: 0.000030 seconds.
  path: Assets/Models/Ghost Lady
  artifactKey: Guid(0885d369dced5a04ba92b3110197d58e) Importer(2089858483,0ecaa5967403d082aa24f35e1b516d23)
Start importing Assets/Models/Ghost Lady using Guid(0885d369dced5a04ba92b3110197d58e) Importer(2089858483,0ecaa5967403d082aa24f35e1b516d23) Generated GUIDs only implemented for interfaces!
 -> (artifact id: '4d867466e5323f1f2c6b5a8a241f6c40') in 0.007341 seconds
Number of updated asset objects reloaded before import = 0
Number of asset objects unloaded after import = 1
========================================================================
Received Import Request.
  Time since last request: 0.000018 seconds.
  path: Assets/Audio/Ghost Girl Audio/creepy-girl-sound-what-are-you-looking-for-vol-001-153528.mp3
  artifactKey: Guid(d20ecbdd7becf5643b2f25455e54adeb) Importer(2089858483,0ecaa5967403d082aa24f35e1b516d23)
Start importing Assets/Audio/Ghost Girl Audio/creepy-girl-sound-what-are-you-looking-for-vol-001-153528.mp3 using Guid(d20ecbdd7becf5643b2f25455e54adeb) Importer(2089858483,0ecaa5967403d082aa24f35e1b516d23) Generated GUIDs only implemented for interfaces!
 -> (artifact id: '2e01c28de0f95f8cca7187a93719c028') in 0.087986 seconds
Number of updated asset objects reloaded before import = 0
Number of asset objects unloaded after import = 1
========================================================================
Received Import Request.
  Time since last request: 0.000018 seconds.
  path: Assets/Models/Ghost Lady/Ghost Lady Animations/Female Dance Pose 3.anim
  artifactKey: Guid(82c298be610f6234e8ff8497a839a0f5) Importer(2089858483,0ecaa5967403d082aa24f35e1b516d23)
Start importing Assets/Models/Ghost Lady/Ghost Lady Animations/Female Dance Pose 3.anim using Guid(82c298be610f6234e8ff8497a839a0f5) Importer(2089858483,0ecaa5967403d082aa24f35e1b516d23) Generated GUIDs only implemented for interfaces!
 -> (artifact id: '077772e61a8cf1c06d059a1e59495020') in 0.017130 seconds
Number of updated asset objects reloaded before import = 0
Number of asset objects unloaded after import = 1
========================================================================
Received Import Request.
  Time since last request: 0.000019 seconds.
  path: Assets/Scenes/Level3_Profiles
  artifactKey: Guid(1e898a5a8e6e6cb468ae8a20c6b70d5b) Importer(2089858483,0ecaa5967403d082aa24f35e1b516d23)
Start importing Assets/Scenes/Level3_Profiles using Guid(1e898a5a8e6e6cb468ae8a20c6b70d5b) Importer(2089858483,0ecaa5967403d082aa24f35e1b516d23) Generated GUIDs only implemented for interfaces!
 -> (artifact id: '71de1f758d954d479be03d53717fb02a') in 0.006786 seconds
Number of updated asset objects reloaded before import = 0
Number of asset objects unloaded after import = 1
========================================================================
Received Import Request.
  Time since last request: 0.000025 seconds.
  path: Assets/Scenes/WinningScreen.unity
  artifactKey: Guid(a521b13f36489b74ba3a4d695ed08278) Importer(2089858483,0ecaa5967403d082aa24f35e1b516d23)
Start importing Assets/Scenes/WinningScreen.unity using Guid(a521b13f36489b74ba3a4d695ed08278) Importer(2089858483,0ecaa5967403d082aa24f35e1b516d23) Generated GUIDs only implemented for interfaces!
 -> (artifact id: 'd8d5e4ba4d918611b9ea609ba4744841') in 0.006348 seconds
Number of updated asset objects reloaded before import = 0
Number of asset objects unloaded after import = 1
========================================================================
Received Import Request.
  Time since last request: 0.000037 seconds.
  path: Assets/Audio/Horror Starter Pack Music/Dying Light - Volatile Theme.wav
  artifactKey: Guid(198dc53477b21a84ab75f7a617b69bd6) Importer(2089858483,0ecaa5967403d082aa24f35e1b516d23)
Start importing Assets/Audio/Horror Starter Pack Music/Dying Light - Volatile Theme.wav using Guid(198dc53477b21a84ab75f7a617b69bd6) Importer(2089858483,0ecaa5967403d082aa24f35e1b516d23) Generated GUIDs only implemented for interfaces!
 -> (artifact id: '9d669c09e41423eb86e56036cf8dacf5') in 0.079725 seconds
Number of updated asset objects reloaded before import = 0
Number of asset objects unloaded after import = 1
========================================================================
Received Import Request.
  Time since last request: 0.000020 seconds.
  path: Assets/Animations/Level1Doors/ExitDoor_Open_Level1.anim
  artifactKey: Guid(8ecbe32000ba83e4691a1bbe299ec4fa) Importer(2089858483,0ecaa5967403d082aa24f35e1b516d23)
Start importing Assets/Animations/Level1Doors/ExitDoor_Open_Level1.anim using Guid(8ecbe32000ba83e4691a1bbe299ec4fa) Importer(2089858483,0ecaa5967403d082aa24f35e1b516d23) Generated GUIDs only implemented for interfaces!
 -> (artifact id: '96b94a43f2b438b999ba4b576825850b') in 0.012802 seconds
Number of updated asset objects reloaded before import = 0
Number of asset objects unloaded after import = 1
========================================================================
Received Import Request.
  Time since last request: 0.000024 seconds.
  path: Assets/Animations/Level1Doors/ExitDoor_idle_Level1.anim
  artifactKey: Guid(6d0e170757638344881a25ba83a99008) Importer(2089858483,0ecaa5967403d082aa24f35e1b516d23)
Start importing Assets/Animations/Level1Doors/ExitDoor_idle_Level1.anim using Guid(6d0e170757638344881a25ba83a99008) Importer(2089858483,0ecaa5967403d082aa24f35e1b516d23) Generated GUIDs only implemented for interfaces!
 -> (artifact id: 'a6348b94c4f4f94abbe301ba236284bd') in 0.012777 seconds
Number of updated asset objects reloaded before import = 0
Number of asset objects unloaded after import = 1
========================================================================
Received Import Request.
  Time since last request: 0.000019 seconds.
  path: Assets/RRMaterial/Blue.mat
  artifactKey: Guid(5e2189d58dff3004f989db4b086f18a5) Importer(2089858483,0ecaa5967403d082aa24f35e1b516d23)
Start importing Assets/RRMaterial/Blue.mat using Guid(5e2189d58dff3004f989db4b086f18a5) Importer(2089858483,0ecaa5967403d082aa24f35e1b516d23) Generated GUIDs only implemented for interfaces!
 -> (artifact id: '612c989bd1b44264fa4cdac073ccc4e4') in 0.017151 seconds
Number of updated asset objects reloaded before import = 0
Number of asset objects unloaded after import = 1
========================================================================
Received Import Request.
  Time since last request: 0.000022 seconds.
  path: Assets/Scenes/Level2
  artifactKey: Guid(19935276328c97c488886cd7a8a18cdc) Importer(2089858483,0ecaa5967403d082aa24f35e1b516d23)
Start importing Assets/Scenes/Level2 using Guid(19935276328c97c488886cd7a8a18cdc) Importer(2089858483,0ecaa5967403d082aa24f35e1b516d23) Generated GUIDs only implemented for interfaces!
 -> (artifact id: '6b708a0d0a90e14c1cfa047a86b6e838') in 0.007100 seconds
Number of updated asset objects reloaded before import = 0
Number of asset objects unloaded after import = 1
========================================================================
Received Import Request.
  Time since last request: 0.000039 seconds.
  path: Assets/RRScripts/KeySpawn.cs
  artifactKey: Guid(722991df3904240469cf660d33ab8a2b) Importer(2089858483,0ecaa5967403d082aa24f35e1b516d23)
Start importing Assets/RRScripts/KeySpawn.cs using Guid(722991df3904240469cf660d33ab8a2b) Importer(2089858483,0ecaa5967403d082aa24f35e1b516d23) Generated GUIDs only implemented for interfaces!
 -> (artifact id: '7607fccce20b83a8aba24ed5e63a60c4') in 0.010609 seconds
Number of updated asset objects reloaded before import = 0
Number of asset objects unloaded after import = 1
========================================================================
Received Import Request.
  Time since last request: 0.000024 seconds.
  path: Assets/Models/Level1Monster/Lifting.anim
  artifactKey: Guid(4fceae89a61bc1a47bffffbe58707c99) Importer(2089858483,0ecaa5967403d082aa24f35e1b516d23)
Start importing Assets/Models/Level1Monster/Lifting.anim using Guid(4fceae89a61bc1a47bffffbe58707c99) Importer(2089858483,0ecaa5967403d082aa24f35e1b516d23) Generated GUIDs only implemented for interfaces!
 -> (artifact id: '9cffa872eff95598c16875974b59fb9d') in 0.030864 seconds
Number of updated asset objects reloaded before import = 0
Number of asset objects unloaded after import = 1
========================================================================
Received Import Request.
  Time since last request: 0.000019 seconds.
  path: Assets/RRScripts/OpenBoxScript.cs
  artifactKey: Guid(32892a525ff29a4449ccf50b224dfce0) Importer(2089858483,0ecaa5967403d082aa24f35e1b516d23)
Start importing Assets/RRScripts/OpenBoxScript.cs using Guid(32892a525ff29a4449ccf50b224dfce0) Importer(2089858483,0ecaa5967403d082aa24f35e1b516d23) Generated GUIDs only implemented for interfaces!
 -> (artifact id: '5b14cb8e111d4b38d9b9fd770305e238') in 0.013418 seconds
Number of updated asset objects reloaded before import = 0
Number of asset objects unloaded after import = 1
========================================================================
Received Import Request.
  Time since last request: 0.000033 seconds.
  path: Assets/Models/Ghost Lady/skin.mat
  artifactKey: Guid(46a08c7da936e4b43970ad0516dd1e42) Importer(2089858483,0ecaa5967403d082aa24f35e1b516d23)
Start importing Assets/Models/Ghost Lady/skin.mat using Guid(46a08c7da936e4b43970ad0516dd1e42) Importer(2089858483,0ecaa5967403d082aa24f35e1b516d23) Generated GUIDs only implemented for interfaces!
 -> (artifact id: '7ba28dac4acffc56003cf4b1d24857c6') in 0.011342 seconds
Number of updated asset objects reloaded before import = 0
Number of asset objects unloaded after import = 1
========================================================================
Received Import Request.
  Time since last request: 0.000016 seconds.
  path: Assets/RRMaterial/Yellow.mat
  artifactKey: Guid(bceeb29759bad914c94f61a24ecc62fb) Importer(2089858483,0ecaa5967403d082aa24f35e1b516d23)
Start importing Assets/RRMaterial/Yellow.mat using Guid(bceeb29759bad914c94f61a24ecc62fb) Importer(2089858483,0ecaa5967403d082aa24f35e1b516d23) Generated GUIDs only implemented for interfaces!
 -> (artifact id: '697bb5214b0b3021111f7ae5a78c0989') in 0.010264 seconds
Number of updated asset objects reloaded before import = 0
Number of asset objects unloaded after import = 1
========================================================================
Received Import Request.
  Time since last request: 0.000028 seconds.
  path: Assets/RRScripts/ObjectRandomSpawner.cs
  artifactKey: Guid(cb71461c4fd50464098dd6e64e34f190) Importer(2089858483,0ecaa5967403d082aa24f35e1b516d23)
Start importing Assets/RRScripts/ObjectRandomSpawner.cs using Guid(cb71461c4fd50464098dd6e64e34f190) Importer(2089858483,0ecaa5967403d082aa24f35e1b516d23) Generated GUIDs only implemented for interfaces!
 -> (artifact id: 'b1817dd32c4b2cbb63019f7af1580964') in 0.010986 seconds
Number of updated asset objects reloaded before import = 0
Number of asset objects unloaded after import = 1
========================================================================
Received Import Request.
  Time since last request: 0.000035 seconds.
  path: Assets/RRScripts/monsterAI.cs
  artifactKey: Guid(fc014c2f46f72a94fb05eccc008de8f7) Importer(2089858483,0ecaa5967403d082aa24f35e1b516d23)
Start importing Assets/RRScripts/monsterAI.cs using Guid(fc014c2f46f72a94fb05eccc008de8f7) Importer(2089858483,0ecaa5967403d082aa24f35e1b516d23) Generated GUIDs only implemented for interfaces!
 -> (artifact id: 'c51e36a3d2126d166f2dcf525cb4ff78') in 0.008293 seconds
Number of updated asset objects reloaded before import = 0
Number of asset objects unloaded after import = 1
========================================================================
Received Import Request.
  Time since last request: 0.000017 seconds.
  path: Assets/Audio/Horror Starter Pack Music/sp-dontlookback.aif
  artifactKey: Guid(855181f62592a4f34a0cbcbe267d1433) Importer(2089858483,0ecaa5967403d082aa24f35e1b516d23)
Start importing Assets/Audio/Horror Starter Pack Music/sp-dontlookback.aif using Guid(855181f62592a4f34a0cbcbe267d1433) Importer(2089858483,0ecaa5967403d082aa24f35e1b516d23) Generated GUIDs only implemented for interfaces!
 -> (artifact id: 'd8acd33da3d57036347b2722d3bfea82') in 0.075759 seconds
Number of updated asset objects reloaded before import = 0
Number of asset objects unloaded after import = 1
========================================================================
Received Import Request.
  Time since last request: 0.000023 seconds.
  path: Assets/Images/Level 1 Image Capstone.png
  artifactKey: Guid(30496f1de93acf44aac87f96c67ae456) Importer(2089858483,0ecaa5967403d082aa24f35e1b516d23)
Start importing Assets/Images/Level 1 Image Capstone.png using Guid(30496f1de93acf44aac87f96c67ae456) Importer(2089858483,0ecaa5967403d082aa24f35e1b516d23) Generated GUIDs only implemented for interfaces!
 -> (artifact id: 'c2f018e7aaa5c6a2cf17ab54c91f0772') in 0.047059 seconds
Number of updated asset objects reloaded before import = 0
Number of asset objects unloaded after import = 3
========================================================================
Received Import Request.
  Time since last request: 0.000025 seconds.
  path: Assets/Settings/Medium_PipelineAsset.asset
  artifactKey: Guid(69a137c09692cd04bab75db543faaf92) Importer(2089858483,0ecaa5967403d082aa24f35e1b516d23)
Start importing Assets/Settings/Medium_PipelineAsset.asset using Guid(69a137c09692cd04bab75db543faaf92) Importer(2089858483,0ecaa5967403d082aa24f35e1b516d23) Generated GUIDs only implemented for interfaces!
 -> (artifact id: 'b07c7fbc7fc2a6c8e9cde835d6fa1b0d') in 0.083685 seconds
Number of updated asset objects reloaded before import = 0
Number of asset objects unloaded after import = 1
========================================================================
Received Import Request.
  Time since last request: 0.000030 seconds.
  path: Assets/Conifers [BOTD]/Shared Sources/Textures/BODT Conifer  Branches [Albedo] [Smoothness].tif
  artifactKey: Guid(5597dc21a8aed4e7ba2c0f93dc4b1d98) Importer(2089858483,0ecaa5967403d082aa24f35e1b516d23)
Start importing Assets/Conifers [BOTD]/Shared Sources/Textures/BODT Conifer  Branches [Albedo] [Smoothness].tif using Guid(5597dc21a8aed4e7ba2c0f93dc4b1d98) Importer(2089858483,0ecaa5967403d082aa24f35e1b516d23) Generated GUIDs only implemented for interfaces!
 -> (artifact id: '595d5d9f0acc66fe9421b8882a32fc53') in 0.062633 seconds
Number of updated asset objects reloaded before import = 0
Number of asset objects unloaded after import = 1
========================================================================
Received Import Request.
  Time since last request: 0.000026 seconds.
  path: Assets/Models/Level1Monster/Zombie Idle@Walking.fbx
  artifactKey: Guid(c3358d9cdbfee6e4497b0a0fbbf01663) Importer(2089858483,0ecaa5967403d082aa24f35e1b516d23)
Start importing Assets/Models/Level1Monster/Zombie Idle@Walking.fbx using Guid(c3358d9cdbfee6e4497b0a0fbbf01663) Importer(2089858483,0ecaa5967403d082aa24f35e1b516d23) Generated GUIDs only implemented for interfaces!
 -> (artifact id: '2af68abc791045f2b1d86d647baef857') in 0.042576 seconds
Number of updated asset objects reloaded before import = 0
Number of asset objects unloaded after import = 67
========================================================================
Received Import Request.
  Time since last request: 0.000020 seconds.
  path: Assets/Models/Cursed Priest/Mesh/PriestParent.controller
  artifactKey: Guid(60a57f56ad3b77b4bb73f9cafcd77c13) Importer(2089858483,0ecaa5967403d082aa24f35e1b516d23)
Start importing Assets/Models/Cursed Priest/Mesh/PriestParent.controller using Guid(60a57f56ad3b77b4bb73f9cafcd77c13) Importer(2089858483,0ecaa5967403d082aa24f35e1b516d23) Generated GUIDs only implemented for interfaces!
 -> (artifact id: '867e677f81afab79afc0f74a9c017575') in 0.113806 seconds
Number of updated asset objects reloaded before import = 0
Number of asset objects unloaded after import = 19
========================================================================
Received Import Request.
  Time since last request: 0.000025 seconds.
  path: Assets/Conifers [BOTD]/Shared Sources/Textures/Billboards/Billboard Medium/Conifer Medium [Normal] [Trans] [Smoothness].png
  artifactKey: Guid(a04078cc622984be682e2d4cfe2a4626) Importer(2089858483,0ecaa5967403d082aa24f35e1b516d23)
Start importing Assets/Conifers [BOTD]/Shared Sources/Textures/Billboards/Billboard Medium/Conifer Medium [Normal] [Trans] [Smoothness].png using Guid(a04078cc622984be682e2d4cfe2a4626) Importer(2089858483,0ecaa5967403d082aa24f35e1b516d23) Generated GUIDs only implemented for interfaces!
 -> (artifact id: 'f224dd650ebc3e1980078db838143052') in 0.044583 seconds
Number of updated asset objects reloaded before import = 0
Number of asset objects unloaded after import = 1
========================================================================
Received Import Request.
  Time since last request: 0.000025 seconds.
  path: Assets/Audio/Horror Starter Pack Music/sp-conjuring.aif
  artifactKey: Guid(4bd6a4d545d9c474294a51d9b20bbda7) Importer(2089858483,0ecaa5967403d082aa24f35e1b516d23)
Start importing Assets/Audio/Horror Starter Pack Music/sp-conjuring.aif using Guid(4bd6a4d545d9c474294a51d9b20bbda7) Importer(2089858483,0ecaa5967403d082aa24f35e1b516d23) Generated GUIDs only implemented for interfaces!
 -> (artifact id: 'a19e4c096704210ba8ddfba46701ffd2') in 0.083367 seconds
Number of updated asset objects reloaded before import = 0
Number of asset objects unloaded after import = 1
========================================================================
Received Import Request.
  Time since last request: 0.000019 seconds.
  path: Assets/Audio/Horror Starter Pack Music/sp-frontier.wav
  artifactKey: Guid(e8223e27612fb4a68a77694a4012fbad) Importer(2089858483,0ecaa5967403d082aa24f35e1b516d23)
Start importing Assets/Audio/Horror Starter Pack Music/sp-frontier.wav using Guid(e8223e27612fb4a68a77694a4012fbad) Importer(2089858483,0ecaa5967403d082aa24f35e1b516d23) Generated GUIDs only implemented for interfaces!
 -> (artifact id: '1c270b1ff5725404283ef700919c490f') in 0.081855 seconds
Number of updated asset objects reloaded before import = 0
Number of asset objects unloaded after import = 1
========================================================================
Received Import Request.
  Time since last request: 0.000021 seconds.
  path: Assets/Settings/Low_PipelineAsset.asset
  artifactKey: Guid(326ca9a659914da4c8c3468afcc43a7e) Importer(2089858483,0ecaa5967403d082aa24f35e1b516d23)
Start importing Assets/Settings/Low_PipelineAsset.asset using Guid(326ca9a659914da4c8c3468afcc43a7e) Importer(2089858483,0ecaa5967403d082aa24f35e1b516d23) Generated GUIDs only implemented for interfaces!
 -> (artifact id: '153844e4bda375603954e67777821494') in 0.029500 seconds
Number of updated asset objects reloaded before import = 0
Number of asset objects unloaded after import = 2
========================================================================
Received Import Request.
  Time since last request: 0.000031 seconds.
  path: Assets/Conifers [BOTD]/Shared Sources/Textures/Billboards/Billboard Bare/Conifer Bare [Albedo].png
  artifactKey: Guid(812b636c9bcef4b8aa194e3f6c9128e0) Importer(2089858483,0ecaa5967403d082aa24f35e1b516d23)
Start importing Assets/Conifers [BOTD]/Shared Sources/Textures/Billboards/Billboard Bare/Conifer Bare [Albedo].png using Guid(812b636c9bcef4b8aa194e3f6c9128e0) Importer(2089858483,0ecaa5967403d082aa24f35e1b516d23) Generated GUIDs only implemented for interfaces!
 -> (artifact id: 'a1b1cb6ff050e086b4cd86aa09969482') in 0.035594 seconds
Number of updated asset objects reloaded before import = 0
Number of asset objects unloaded after import = 1
========================================================================
Received Import Request.
  Time since last request: 0.000024 seconds.
  path: Assets/Conifers [BOTD]/Shared Sources/Textures/Billboards/Billboard Bare/Conifer Bare [Normal] [Trans] [Smoothness].png
  artifactKey: Guid(a88058accae174b14b3aac765ff6bd72) Importer(2089858483,0ecaa5967403d082aa24f35e1b516d23)
Start importing Assets/Conifers [BOTD]/Shared Sources/Textures/Billboards/Billboard Bare/Conifer Bare [Normal] [Trans] [Smoothness].png using Guid(a88058accae174b14b3aac765ff6bd72) Importer(2089858483,0ecaa5967403d082aa24f35e1b516d23) Generated GUIDs only implemented for interfaces!
 -> (artifact id: 'fa6dac5835b69ae719b236b700b85896') in 0.041031 seconds
Number of updated asset objects reloaded before import = 0
Number of asset objects unloaded after import = 1
========================================================================
Received Import Request.
  Time since last request: 0.000034 seconds.
  path: Assets/Models/CarModels/CarsAssetPack/Models/BLEND/All-Car-Pack-New.blend
  artifactKey: Guid(0bff4a01e0beebc49b4b2e57acd6852b) Importer(2089858483,0ecaa5967403d082aa24f35e1b516d23)
Start importing Assets/Models/CarModels/CarsAssetPack/Models/BLEND/All-Car-Pack-New.blend using Guid(0bff4a01e0beebc49b4b2e57acd6852b) Importer(2089858483,0ecaa5967403d082aa24f35e1b516d23) Generated GUIDs only implemented for interfaces!
 -> (artifact id: 'c7d969d0bb5fb0a10959c0ce1c4a913c') in 0.019903 seconds
Number of updated asset objects reloaded before import = 0
Number of asset objects unloaded after import = 1
========================================================================
Received Import Request.
  Time since last request: 0.000015 seconds.
  path: Assets/Models/CarModels/CarsAssetPack/Models/FBX/Car-3.fbx
  artifactKey: Guid(830690d5c1cddc44ea920740a956d0b1) Importer(2089858483,0ecaa5967403d082aa24f35e1b516d23)
Start importing Assets/Models/CarModels/CarsAssetPack/Models/FBX/Car-3.fbx using Guid(830690d5c1cddc44ea920740a956d0b1) Importer(2089858483,0ecaa5967403d082aa24f35e1b516d23) Generated GUIDs only implemented for interfaces!
 -> (artifact id: 'a4c826786a30ec385b547b88e138df1b') in 0.048244 seconds
Number of updated asset objects reloaded before import = 0
Number of asset objects unloaded after import = 13
========================================================================
Received Import Request.
  Time since last request: 0.000019 seconds.
  path: Assets/Models/CarModels/CarsAssetPack/Models/OBJ/car-2.obj
  artifactKey: Guid(12be98a507f389147bb82d92759fd408) Importer(2089858483,0ecaa5967403d082aa24f35e1b516d23)
Start importing Assets/Models/CarModels/CarsAssetPack/Models/OBJ/car-2.obj using Guid(12be98a507f389147bb82d92759fd408) Importer(2089858483,0ecaa5967403d082aa24f35e1b516d23) Generated GUIDs only implemented for interfaces!
 -> (artifact id: '38ce0b0be6f73761309913329552f8db') in 0.029150 seconds
Number of updated asset objects reloaded before import = 0
Number of asset objects unloaded after import = 10
========================================================================
Received Import Request.
  Time since last request: 0.000036 seconds.
  path: Assets/CTI URP/CTI Runtime Components URP/ShaderGraphs/CTI URP SG Bark.shadergraph
  artifactKey: Guid(59b526d69ac994c4bad0edbac50b6685) Importer(2089858483,0ecaa5967403d082aa24f35e1b516d23)
Start importing Assets/CTI URP/CTI Runtime Components URP/ShaderGraphs/CTI URP SG Bark.shadergraph using Guid(59b526d69ac994c4bad0edbac50b6685) Importer(2089858483,0ecaa5967403d082aa24f35e1b516d23) Generated GUIDs only implemented for interfaces!
 -> (artifact id: '86664cab5dba33a8c0e727cb09c06e5b') in 0.027683 seconds
Number of updated asset objects reloaded before import = 0
Number of asset objects unloaded after import = 3
========================================================================
Received Import Request.
  Time since last request: 0.000022 seconds.
  path: Assets/Audio/Horror Starter Pack Music/sp-getout.aif
  artifactKey: Guid(f2c33622187ec4676b363720f8b84f46) Importer(2089858483,0ecaa5967403d082aa24f35e1b516d23)
Start importing Assets/Audio/Horror Starter Pack Music/sp-getout.aif using Guid(f2c33622187ec4676b363720f8b84f46) Importer(2089858483,0ecaa5967403d082aa24f35e1b516d23) Generated GUIDs only implemented for interfaces!
 -> (artifact id: 'a5841255e0e2725f2dad3249ce58d4f3') in 0.093835 seconds
Number of updated asset objects reloaded before import = 0
Number of asset objects unloaded after import = 1
========================================================================
Received Import Request.
  Time since last request: 0.000023 seconds.
  path: Assets/Conifers [BOTD]/Shared Sources/Textures/BODT Conifer Trunk [Normal] [AO] [Specular].psd
  artifactKey: Guid(cc724252428df448db5a10316678900b) Importer(2089858483,0ecaa5967403d082aa24f35e1b516d23)
Start importing Assets/Conifers [BOTD]/Shared Sources/Textures/BODT Conifer Trunk [Normal] [AO] [Specular].psd using Guid(cc724252428df448db5a10316678900b) Importer(2089858483,0ecaa5967403d082aa24f35e1b516d23) Generated GUIDs only implemented for interfaces!
 -> (artifact id: '587ca9a88b89b2cb10f63fd9f9415b57') in 0.044894 seconds
Number of updated asset objects reloaded before import = 0
Number of asset objects unloaded after import = 1
========================================================================
Received Import Request.
  Time since last request: 0.000028 seconds.
  path: Assets/Models/CarModels/CarsAssetPack/Models/FBX/Car-7.fbx
  artifactKey: Guid(1f273cad24519b24ebcfa09ec662854d) Importer(2089858483,0ecaa5967403d082aa24f35e1b516d23)
Start importing Assets/Models/CarModels/CarsAssetPack/Models/FBX/Car-7.fbx using Guid(1f273cad24519b24ebcfa09ec662854d) Importer(2089858483,0ecaa5967403d082aa24f35e1b516d23) Generated GUIDs only implemented for interfaces!
 -> (artifact id: '0cd3441c168693901d27538715322f2a') in 0.040490 seconds
Number of updated asset objects reloaded before import = 0
Number of asset objects unloaded after import = 10
========================================================================
Received Import Request.
  Time since last request: 0.000035 seconds.
  path: Assets/Models/CarModels/CarsAssetPack/Prefabs/Lights.prefab
  artifactKey: Guid(1912f3bd9eb0a044384f0be389db9d51) Importer(2089858483,0ecaa5967403d082aa24f35e1b516d23)
Start importing Assets/Models/CarModels/CarsAssetPack/Prefabs/Lights.prefab using Guid(1912f3bd9eb0a044384f0be389db9d51) Importer(2089858483,0ecaa5967403d082aa24f35e1b516d23) Generated GUIDs only implemented for interfaces!
 -> (artifact id: 'ba00a952dbba796ba0128cd74b0a6ed4') in 0.008917 seconds
Number of updated asset objects reloaded before import = 0
Number of asset objects unloaded after import = 7
========================================================================
Received Import Request.
  Time since last request: 0.000015 seconds.
  path: Assets/Models/CarModels/CarsAssetPack/Animation/Rotation.anim
  artifactKey: Guid(c5c96c8bc7f6b1547855d30dbbfd5a38) Importer(2089858483,0ecaa5967403d082aa24f35e1b516d23)
Start importing Assets/Models/CarModels/CarsAssetPack/Animation/Rotation.anim using Guid(c5c96c8bc7f6b1547855d30dbbfd5a38) Importer(2089858483,0ecaa5967403d082aa24f35e1b516d23) Generated GUIDs only implemented for interfaces!
 -> (artifact id: '332dff70aaf2b8b440649f53c9d3d36e') in 0.012027 seconds
Number of updated asset objects reloaded before import = 0
Number of asset objects unloaded after import = 1
========================================================================
Received Import Request.
  Time since last request: 0.000021 seconds.
  path: Assets/Models/CarModels/CarsAssetPack/Prefabs/FBX/Car4.prefab
  artifactKey: Guid(1d0173f883989e14493677c41ae5a073) Importer(2089858483,0ecaa5967403d082aa24f35e1b516d23)
Start importing Assets/Models/CarModels/CarsAssetPack/Prefabs/FBX/Car4.prefab using Guid(1d0173f883989e14493677c41ae5a073) Importer(2089858483,0ecaa5967403d082aa24f35e1b516d23) Generated GUIDs only implemented for interfaces!
 -> (artifact id: '1fe39f478154fde20d401dc81c8145cf') in 0.016675 seconds
Number of updated asset objects reloaded before import = 0
Number of asset objects unloaded after import = 10
========================================================================
Received Import Request.
  Time since last request: 0.000033 seconds.
  path: Assets/Models/CarModels/CarsAssetPack/Prefabs/OBJ/car-6.prefab
  artifactKey: Guid(e2d263bb00f47974bae1aa8cb500971b) Importer(2089858483,0ecaa5967403d082aa24f35e1b516d23)
Start importing Assets/Models/CarModels/CarsAssetPack/Prefabs/OBJ/car-6.prefab using Guid(e2d263bb00f47974bae1aa8cb500971b) Importer(2089858483,0ecaa5967403d082aa24f35e1b516d23) Generated GUIDs only implemented for interfaces!
 -> (artifact id: '531ab462fb0c1101790c578de1ed025a') in 0.011756 seconds
Number of updated asset objects reloaded before import = 0
Number of asset objects unloaded after import = 10
========================================================================
Received Import Request.
  Time since last request: 0.000017 seconds.
  path: Assets/Models/CarModels/CarsAssetPack/Prefabs/FBX/Car5.prefab
  artifactKey: Guid(70b6b2f84042c5546b88956fe74b0c66) Importer(2089858483,0ecaa5967403d082aa24f35e1b516d23)
Start importing Assets/Models/CarModels/CarsAssetPack/Prefabs/FBX/Car5.prefab using Guid(70b6b2f84042c5546b88956fe74b0c66) Importer(2089858483,0ecaa5967403d082aa24f35e1b516d23) Generated GUIDs only implemented for interfaces!
 -> (artifact id: 'ebe63fc5e02b8f7d3fe89cc37d53ab1b') in 0.010894 seconds
Number of updated asset objects reloaded before import = 0
Number of asset objects unloaded after import = 10
========================================================================
Received Import Request.
  Time since last request: 0.000017 seconds.
  path: Assets/Models/CarModels/CarsAssetPack/Scenes/DemoScene.unity
  artifactKey: Guid(307b9bec133b1024087ee470a5c8a49e) Importer(2089858483,0ecaa5967403d082aa24f35e1b516d23)
Start importing Assets/Models/CarModels/CarsAssetPack/Scenes/DemoScene.unity using Guid(307b9bec133b1024087ee470a5c8a49e) Importer(2089858483,0ecaa5967403d082aa24f35e1b516d23) Generated GUIDs only implemented for interfaces!
 -> (artifact id: '91372818b9f0437c018afe72ea573bfc') in 0.005981 seconds
Number of updated asset objects reloaded before import = 0
Number of asset objects unloaded after import = 1
========================================================================
Received Import Request.
  Time since last request: 0.000023 seconds.
  path: Assets/Models/CarModels/CarsAssetPack/Models/OBJ/car-7.obj
  artifactKey: Guid(f083d56c19a283141833ac8c13da2cca) Importer(2089858483,0ecaa5967403d082aa24f35e1b516d23)
Start importing Assets/Models/CarModels/CarsAssetPack/Models/OBJ/car-7.obj using Guid(f083d56c19a283141833ac8c13da2cca) Importer(2089858483,0ecaa5967403d082aa24f35e1b516d23) Generated GUIDs only implemented for interfaces!
 -> (artifact id: '3b3182d12b106f2eab10e5edab8d1d11') in 0.024731 seconds
Number of updated asset objects reloaded before import = 0
Number of asset objects unloaded after import = 10
========================================================================
Received Import Request.
  Time since last request: 0.000024 seconds.
  path: Assets/Models/CarModels/CarsAssetPack/Prefabs/OBJ/car-4.prefab
  artifactKey: Guid(6a5c66e510b4c5546bc162f9a9f3e52a) Importer(2089858483,0ecaa5967403d082aa24f35e1b516d23)
Start importing Assets/Models/CarModels/CarsAssetPack/Prefabs/OBJ/car-4.prefab using Guid(6a5c66e510b4c5546bc162f9a9f3e52a) Importer(2089858483,0ecaa5967403d082aa24f35e1b516d23) Generated GUIDs only implemented for interfaces!
 -> (artifact id: '9ea0bb7efff798cd3f41892e7b750732') in 0.013487 seconds
Number of updated asset objects reloaded before import = 0
Number of asset objects unloaded after import = 10
========================================================================
Received Import Request.
  Time since last request: 0.000019 seconds.
  path: Assets/Conifers [BOTD]/Shared Sources/Textures/Billboards/Billboard Medium/Conifer Medium [Albedo].png
  artifactKey: Guid(5f07a52da52e24af1b58f7c3f631068c) Importer(2089858483,0ecaa5967403d082aa24f35e1b516d23)
Start importing Assets/Conifers [BOTD]/Shared Sources/Textures/Billboards/Billboard Medium/Conifer Medium [Albedo].png using Guid(5f07a52da52e24af1b58f7c3f631068c) Importer(2089858483,0ecaa5967403d082aa24f35e1b516d23) Generated GUIDs only implemented for interfaces!
 -> (artifact id: 'de4a6166cc8f47136b9de1ae4ede3754') in 0.041864 seconds
Number of updated asset objects reloaded before import = 0
Number of asset objects unloaded after import = 1
========================================================================
Received Import Request.
  Time since last request: 0.000020 seconds.
  path: Assets/Models/Morgue Room PBR/Models/wall/door_01.fbx
  artifactKey: Guid(02bb5bf2550e9de4fba1c135aaef0200) Importer(2089858483,0ecaa5967403d082aa24f35e1b516d23)
Start importing Assets/Models/Morgue Room PBR/Models/wall/door_01.fbx using Guid(02bb5bf2550e9de4fba1c135aaef0200) Importer(2089858483,0ecaa5967403d082aa24f35e1b516d23) Generated GUIDs only implemented for interfaces!
 -> (artifact id: '591dae9e3137dc3255930ee023aa230b') in 0.022649 seconds
Number of updated asset objects reloaded before import = 0
Number of asset objects unloaded after import = 8
========================================================================
Received Import Request.
  Time since last request: 0.000019 seconds.
  path: Assets/Models/Flashlight/Textures
  artifactKey: Guid(c87203724062b8b47812e372fcd39fff) Importer(2089858483,0ecaa5967403d082aa24f35e1b516d23)
Start importing Assets/Models/Flashlight/Textures using Guid(c87203724062b8b47812e372fcd39fff) Importer(2089858483,0ecaa5967403d082aa24f35e1b516d23) Generated GUIDs only implemented for interfaces!
 -> (artifact id: '9cfae7de9828d03ceb70fe76f9e6d291') in 0.008339 seconds
Number of updated asset objects reloaded before import = 0
Number of asset objects unloaded after import = 1
========================================================================
Received Import Request.
  Time since last request: 0.000022 seconds.
  path: Assets/Models/Morgue Room PBR/Models/props/Materials
  artifactKey: Guid(285b5a9c8de9b5d45b9cf2a7f93671a6) Importer(2089858483,0ecaa5967403d082aa24f35e1b516d23)
Start importing Assets/Models/Morgue Room PBR/Models/props/Materials using Guid(285b5a9c8de9b5d45b9cf2a7f93671a6) Importer(2089858483,0ecaa5967403d082aa24f35e1b516d23) Generated GUIDs only implemented for interfaces!
 -> (artifact id: '70a92a54ae54e16bba298742c1a2e39b') in 0.006435 seconds
Number of updated asset objects reloaded before import = 0
Number of asset objects unloaded after import = 1
========================================================================
Received Import Request.
  Time since last request: 0.000044 seconds.
  path: Assets/Models/School Supplies/Demo Scene
  artifactKey: Guid(1e931f4ff3666774ca5e1359eea1e3f2) Importer(2089858483,0ecaa5967403d082aa24f35e1b516d23)
Start importing Assets/Models/School Supplies/Demo Scene using Guid(1e931f4ff3666774ca5e1359eea1e3f2) Importer(2089858483,0ecaa5967403d082aa24f35e1b516d23) Generated GUIDs only implemented for interfaces!
 -> (artifact id: '31ee4f41bd231c8c273543193089cce2') in 0.006796 seconds
Number of updated asset objects reloaded before import = 0
Number of asset objects unloaded after import = 1
========================================================================
Received Import Request.
  Time since last request: 0.000015 seconds.
  path: Assets/Models/Level1Monster/Materials/creature_Base_color.mat
  artifactKey: Guid(bed4a2987b6ccb94999c9b05c2f64867) Importer(2089858483,0ecaa5967403d082aa24f35e1b516d23)
Start importing Assets/Models/Level1Monster/Materials/creature_Base_color.mat using Guid(bed4a2987b6ccb94999c9b05c2f64867) Importer(2089858483,0ecaa5967403d082aa24f35e1b516d23) Generated GUIDs only implemented for interfaces!
 -> (artifact id: 'a547a6db406d95df25918d670e7afbf3') in 0.031886 seconds
Number of updated asset objects reloaded before import = 0
Number of asset objects unloaded after import = 4
========================================================================
Received Import Request.
  Time since last request: 0.000022 seconds.
  path: Assets/Models/JapaneseSchool/Prefabs/Window_E.prefab
  artifactKey: Guid(dc5ea2ebd9636bc4cbb313754f63a091) Importer(2089858483,0ecaa5967403d082aa24f35e1b516d23)
Start importing Assets/Models/JapaneseSchool/Prefabs/Window_E.prefab using Guid(dc5ea2ebd9636bc4cbb313754f63a091) Importer(2089858483,0ecaa5967403d082aa24f35e1b516d23) Generated GUIDs only implemented for interfaces!
 -> (artifact id: 'c3a1c9228db05af11b9d990a9dbc7dfe') in 0.018698 seconds
Number of updated asset objects reloaded before import = 0
Number of asset objects unloaded after import = 18
========================================================================
Received Import Request.
  Time since last request: 0.000014 seconds.
  path: Assets/CTI URP/CTI Runtime Components URP/CTI URP Demo/Textures/T Jatoba Leaves AA.png
  artifactKey: Guid(f7637b12af7aefe44b21622589115d4b) Importer(2089858483,0ecaa5967403d082aa24f35e1b516d23)
Start importing Assets/CTI URP/CTI Runtime Components URP/CTI URP Demo/Textures/T Jatoba Leaves AA.png using Guid(f7637b12af7aefe44b21622589115d4b) Importer(2089858483,0ecaa5967403d082aa24f35e1b516d23) Generated GUIDs only implemented for interfaces!
 -> (artifact id: '0c16ef11bc03691479b0d6b4378dee3c') in 0.041910 seconds
Number of updated asset objects reloaded before import = 0
Number of asset objects unloaded after import = 1
========================================================================
Received Import Request.
  Time since last request: 0.000017 seconds.
  path: Assets/Models/CarModels/CarsAssetPack/Prefabs/BLEND/Car2.prefab
  artifactKey: Guid(543b587dc571f2f44826315f2851eda3) Importer(2089858483,0ecaa5967403d082aa24f35e1b516d23)
Start importing Assets/Models/CarModels/CarsAssetPack/Prefabs/BLEND/Car2.prefab using Guid(543b587dc571f2f44826315f2851eda3) Importer(2089858483,0ecaa5967403d082aa24f35e1b516d23) Generated GUIDs only implemented for interfaces!
 -> (artifact id: '01d9206cb5bc973251859c7499dc98a2') in 0.008317 seconds
Number of updated asset objects reloaded before import = 0
Number of asset objects unloaded after import = 9
========================================================================
Received Import Request.
  Time since last request: 0.000027 seconds.
  path: Assets/Models/Morgue Room PBR/Prefabs/props/metal_sink.prefab
  artifactKey: Guid(9ea3ce9ce36004e46b39c1080f65ab2e) Importer(2089858483,0ecaa5967403d082aa24f35e1b516d23)
Start importing Assets/Models/Morgue Room PBR/Prefabs/props/metal_sink.prefab using Guid(9ea3ce9ce36004e46b39c1080f65ab2e) Importer(2089858483,0ecaa5967403d082aa24f35e1b516d23) Generated GUIDs only implemented for interfaces!
 -> (artifact id: 'df9195bfb41c760090b64d9e63bc2aec') in 0.015933 seconds
Number of updated asset objects reloaded before import = 0
Number of asset objects unloaded after import = 8
========================================================================
Received Import Request.
  Time since last request: 0.000021 seconds.
  path: Assets/Hospital Horror Map/Horror Hospital Pack/Prefabs/Stretcher.prefab
  artifactKey: Guid(381bdf9c7f27cce46b2699033a9b735a) Importer(2089858483,0ecaa5967403d082aa24f35e1b516d23)
Start importing Assets/Hospital Horror Map/Horror Hospital Pack/Prefabs/Stretcher.prefab using Guid(381bdf9c7f27cce46b2699033a9b735a) Importer(2089858483,0ecaa5967403d082aa24f35e1b516d23) Generated GUIDs only implemented for interfaces!
 -> (artifact id: '036a1d584736eb48a27d77e39ca0da68') in 0.016910 seconds
Number of updated asset objects reloaded before import = 0
Number of asset objects unloaded after import = 8
========================================================================
Received Import Request.
  Time since last request: 0.000021 seconds.
  path: Assets/Models/Morgue Room PBR/Models/props/Materials/notebook_albedo.tga
  artifactKey: Guid(13137bc36e17d2141915f1e8f39f0ec3) Importer(2089858483,0ecaa5967403d082aa24f35e1b516d23)
Start importing Assets/Models/Morgue Room PBR/Models/props/Materials/notebook_albedo.tga using Guid(13137bc36e17d2141915f1e8f39f0ec3) Importer(2089858483,0ecaa5967403d082aa24f35e1b516d23) Generated GUIDs only implemented for interfaces!
 -> (artifact id: '7edf39a18fc141895c490e7c4419cd24') in 0.038818 seconds
Number of updated asset objects reloaded before import = 0
Number of asset objects unloaded after import = 1
========================================================================
Received Import Request.
  Time since last request: 0.000017 seconds.
  path: Assets/Hospital Horror Map/Horror Hospital Pack/Models/Stretcher/Materials/FP650_Diffuse.mat
  artifactKey: Guid(cb1a2101a9ac3ba46864980fe7d86846) Importer(2089858483,0ecaa5967403d082aa24f35e1b516d23)
Start importing Assets/Hospital Horror Map/Horror Hospital Pack/Models/Stretcher/Materials/FP650_Diffuse.mat using Guid(cb1a2101a9ac3ba46864980fe7d86846) Importer(2089858483,0ecaa5967403d082aa24f35e1b516d23) Generated GUIDs only implemented for interfaces!
 -> (artifact id: 'ba81c6d7c28db384eb8d920cc9d92413') in 0.021631 seconds
Number of updated asset objects reloaded before import = 0
Number of asset objects unloaded after import = 2
========================================================================
Received Import Request.
  Time since last request: 0.000024 seconds.
  path: Assets/Hospital Horror Map/Horror Hospital Pack/Models/OldCup/mOldCup.mat
  artifactKey: Guid(5bd92315741f3e0449d2b4e883039ccb) Importer(2089858483,0ecaa5967403d082aa24f35e1b516d23)
Start importing Assets/Hospital Horror Map/Horror Hospital Pack/Models/OldCup/mOldCup.mat using Guid(5bd92315741f3e0449d2b4e883039ccb) Importer(2089858483,0ecaa5967403d082aa24f35e1b516d23) Generated GUIDs only implemented for interfaces!
 -> (artifact id: '6cbbb7fcf2143b8448292e1d4b420d93') in 0.015349 seconds
Number of updated asset objects reloaded before import = 0
Number of asset objects unloaded after import = 3
========================================================================
Received Import Request.
  Time since last request: 0.000028 seconds.
  path: Assets/Models/Morgue Room PBR/Models/props/Materials/level_objects_mat.mat
  artifactKey: Guid(954c2e2b0b67a774481b80bb15a5a854) Importer(2089858483,0ecaa5967403d082aa24f35e1b516d23)
Start importing Assets/Models/Morgue Room PBR/Models/props/Materials/level_objects_mat.mat using Guid(954c2e2b0b67a774481b80bb15a5a854) Importer(2089858483,0ecaa5967403d082aa24f35e1b516d23) Generated GUIDs only implemented for interfaces!
 -> (artifact id: 'b4f839bc4e178ed71a7d54ea1b5b2602') in 0.036055 seconds
Number of updated asset objects reloaded before import = 0
Number of asset objects unloaded after import = 5
========================================================================
Received Import Request.
  Time since last request: 0.000024 seconds.
  path: Assets/Models/Morgue Room PBR/Models/props/Materials/note_book_mat.mat
  artifactKey: Guid(3dcea46a4420ba54d90040d5e46fc3e9) Importer(2089858483,0ecaa5967403d082aa24f35e1b516d23)
Start importing Assets/Models/Morgue Room PBR/Models/props/Materials/note_book_mat.mat using Guid(3dcea46a4420ba54d90040d5e46fc3e9) Importer(2089858483,0ecaa5967403d082aa24f35e1b516d23) Generated GUIDs only implemented for interfaces!
 -> (artifact id: 'f872a964a8b6406c695e4acca8291d8a') in 0.014596 seconds
Number of updated asset objects reloaded before import = 0
Number of asset objects unloaded after import = 4
========================================================================
Received Import Request.
  Time since last request: 0.000019 seconds.
  path: Assets/Models/Morgue Room PBR/morgue scene/morgue/ReflectionProbe-1.exr
  artifactKey: Guid(f137e44355b71d94aa25c64514a32325) Importer(2089858483,0ecaa5967403d082aa24f35e1b516d23)
Start importing Assets/Models/Morgue Room PBR/morgue scene/morgue/ReflectionProbe-1.exr using Guid(f137e44355b71d94aa25c64514a32325) Importer(2089858483,0ecaa5967403d082aa24f35e1b516d23) Generated GUIDs only implemented for interfaces!
 -> (artifact id: '05cc8a1ddd999e7b81b3e0aa22fab2b1') in 0.037199 seconds
Number of updated asset objects reloaded before import = 0
Number of asset objects unloaded after import = 1
========================================================================
Received Import Request.
  Time since last request: 0.000056 seconds.
  path: Assets/Hospital Horror Map/HorrorHospitalPackFJM.unitypackage
  artifactKey: Guid(fcdbec58ed3189e4a9392e6d08519d9f) Importer(2089858483,0ecaa5967403d082aa24f35e1b516d23)
Start importing Assets/Hospital Horror Map/HorrorHospitalPackFJM.unitypackage using Guid(fcdbec58ed3189e4a9392e6d08519d9f) Importer(2089858483,0ecaa5967403d082aa24f35e1b516d23) Generated GUIDs only implemented for interfaces!
 -> (artifact id: '4006790f3039db65299a661e3760fff3') in 0.008129 seconds
Number of updated asset objects reloaded before import = 0
Number of asset objects unloaded after import = 1
========================================================================
Received Import Request.
  Time since last request: 0.000029 seconds.
  path: Assets/Models/Morgue Room PBR/Models/wall/Materials
  artifactKey: Guid(03f55d6df2190a9489802da2948ab92a) Importer(2089858483,0ecaa5967403d082aa24f35e1b516d23)
Start importing Assets/Models/Morgue Room PBR/Models/wall/Materials using Guid(03f55d6df2190a9489802da2948ab92a) Importer(2089858483,0ecaa5967403d082aa24f35e1b516d23) Generated GUIDs only implemented for interfaces!
 -> (artifact id: 'd376c11d9a0b78c85a7443d3e7df680d') in 0.007422 seconds
Number of updated asset objects reloaded before import = 0
Number of asset objects unloaded after import = 1
========================================================================
Received Import Request.
  Time since last request: 0.000041 seconds.
  path: Assets/CTI URP/CTI Runtime Components URP/PF CTI  URP Windzone.prefab
  artifactKey: Guid(ec2aa1014a797c54eb478896b8a82d02) Importer(2089858483,0ecaa5967403d082aa24f35e1b516d23)
Start importing Assets/CTI URP/CTI Runtime Components URP/PF CTI  URP Windzone.prefab using Guid(ec2aa1014a797c54eb478896b8a82d02) Importer(2089858483,0ecaa5967403d082aa24f35e1b516d23) Generated GUIDs only implemented for interfaces!
 -> (artifact id: '0c3154ab8fcc83d33e97f3b0d4aafa83') in 0.015211 seconds
Number of updated asset objects reloaded before import = 0
Number of asset objects unloaded after import = 6
========================================================================
Received Import Request.
  Time since last request: 0.000025 seconds.
  path: Assets/Models/Morgue Room PBR/Models/floor/Materials/ceiling_01_basecolor.tga
  artifactKey: Guid(61bb3df45f6e364409f0dbb8850ddc46) Importer(2089858483,0ecaa5967403d082aa24f35e1b516d23)
Start importing Assets/Models/Morgue Room PBR/Models/floor/Materials/ceiling_01_basecolor.tga using Guid(61bb3df45f6e364409f0dbb8850ddc46) Importer(2089858483,0ecaa5967403d082aa24f35e1b516d23) Generated GUIDs only implemented for interfaces!
 -> (artifact id: 'c44f52cf720717e5c2f682bc1e71c6c5') in 0.034057 seconds
Number of updated asset objects reloaded before import = 0
Number of asset objects unloaded after import = 1
========================================================================
Received Import Request.
  Time since last request: 46.197837 seconds.
  path: Assets/TextMesh Pro/Examples & Extras/Fonts/Anton.ttf
  artifactKey: Guid(997a43b767814dd0a7642ec9b78cba41) Importer(815301076,1909f56bfc062723c751e8b465ee728b)
Start importing Assets/TextMesh Pro/Examples & Extras/Fonts/Anton.ttf using Guid(997a43b767814dd0a7642ec9b78cba41) Importer(815301076,1909f56bfc062723c751e8b465ee728b)  -> (artifact id: '1ad2c4fd3a92a3d2b8721da62ff69c4f') in 0.019994 seconds
Number of updated asset objects reloaded before import = 0
Number of asset objects unloaded after import = 3
========================================================================
Received Import Request.
  Time since last request: 0.221289 seconds.
  path: Assets/Models/JapaneseSchool/Textures/Brick_A/Brick_A_BaseMap.png
  artifactKey: Guid(07b4f777ce160d04985408a2df69f677) Importer(815301076,1909f56bfc062723c751e8b465ee728b)
Start importing Assets/Models/JapaneseSchool/Textures/Brick_A/Brick_A_BaseMap.png using Guid(07b4f777ce160d04985408a2df69f677) Importer(815301076,1909f56bfc062723c751e8b465ee728b)  -> (artifact id: '63d3c01dd266f5d828b8caff674c5b70') in 0.007918 seconds
Number of updated asset objects reloaded before import = 0
Number of asset objects unloaded after import = 1
========================================================================
Received Import Request.
  Time since last request: 0.180974 seconds.
  path: Assets/TerrainSampleAssets/Textures/Details/BushDry_Thickness.tif
  artifactKey: Guid(100a50e8b1d0bc04b95bc2f03cb760db) Importer(815301076,1909f56bfc062723c751e8b465ee728b)
Start importing Assets/TerrainSampleAssets/Textures/Details/BushDry_Thickness.tif using Guid(100a50e8b1d0bc04b95bc2f03cb760db) Importer(815301076,1909f56bfc062723c751e8b465ee728b)  -> (artifact id: '03445c879ffe3a2a428d62d4c8c81059') in 0.008495 seconds
Number of updated asset objects reloaded before import = 0
Number of asset objects unloaded after import = 1
========================================================================
Received Import Request.
  Time since last request: 14.526736 seconds.
  path: Assets/Day-Night Skyboxes/Textures/SkyAfterNoon_Left.png
  artifactKey: Guid(969ef861056a05940ba9123d15486191) Importer(815301076,1909f56bfc062723c751e8b465ee728b)
Start importing Assets/Day-Night Skyboxes/Textures/SkyAfterNoon_Left.png using Guid(969ef861056a05940ba9123d15486191) Importer(815301076,1909f56bfc062723c751e8b465ee728b)  -> (artifact id: '4dddfcd58ebc11cd03ae2989e43bd6f4') in 0.008706 seconds
Number of updated asset objects reloaded before import = 0
Number of asset objects unloaded after import = 1
========================================================================
Received Import Request.
  Time since last request: 0.000021 seconds.
  path: Assets/Day-Night Skyboxes/Textures/SkyAfterNoon_Top.png
  artifactKey: Guid(31b24bb50a20c0047b30ee5fc78848b2) Importer(815301076,1909f56bfc062723c751e8b465ee728b)
Start importing Assets/Day-Night Skyboxes/Textures/SkyAfterNoon_Top.png using Guid(31b24bb50a20c0047b30ee5fc78848b2) Importer(815301076,1909f56bfc062723c751e8b465ee728b)  -> (artifact id: '9020048fc3bc355a37efc925e51217f5') in 0.006567 seconds
Number of updated asset objects reloaded before import = 0
Number of asset objects unloaded after import = 1
========================================================================
Received Import Request.
  Time since last request: 1.677894 seconds.
  path: Assets/Day-Night Skyboxes/Textures/SkyNoon_Left.png
  artifactKey: Guid(1ded1ac4a932ce548b131efe140dee3d) Importer(815301076,1909f56bfc062723c751e8b465ee728b)
Start importing Assets/Day-Night Skyboxes/Textures/SkyNoon_Left.png using Guid(1ded1ac4a932ce548b131efe140dee3d) Importer(815301076,1909f56bfc062723c751e8b465ee728b)  -> (artifact id: '1174ce795fc115771511ca5784f26fb6') in 0.009261 seconds
Number of updated asset objects reloaded before import = 0
Number of asset objects unloaded after import = 1
========================================================================
Received Import Request.
  Time since last request: 0.000014 seconds.
  path: Assets/Day-Night Skyboxes/Textures/SkyNoon_Top.png
  artifactKey: Guid(d8abefee4b4a16546abf8b0a732a7e40) Importer(815301076,1909f56bfc062723c751e8b465ee728b)
Start importing Assets/Day-Night Skyboxes/Textures/SkyNoon_Top.png using Guid(d8abefee4b4a16546abf8b0a732a7e40) Importer(815301076,1909f56bfc062723c751e8b465ee728b)  -> (artifact id: '6c6280016972c8cc2424f077647477ab') in 0.006093 seconds
Number of updated asset objects reloaded before import = 0
Number of asset objects unloaded after import = 1
========================================================================
Received Import Request.
  Time since last request: 0.449645 seconds.
  path: Assets/Day-Night Skyboxes/Textures/SkySunSet_Left.png
  artifactKey: Guid(bfe69a7b1dad37946850215be95a6d79) Importer(815301076,1909f56bfc062723c751e8b465ee728b)
Start importing Assets/Day-Night Skyboxes/Textures/SkySunSet_Left.png using Guid(bfe69a7b1dad37946850215be95a6d79) Importer(815301076,1909f56bfc062723c751e8b465ee728b)  -> (artifact id: '25e843a450e74f3bf84efd3dcb9bd977') in 0.008285 seconds
Number of updated asset objects reloaded before import = 0
Number of asset objects unloaded after import = 1
========================================================================
Received Import Request.
  Time since last request: 0.000015 seconds.
  path: Assets/Day-Night Skyboxes/Textures/SkySunSet_Top.png
  artifactKey: Guid(2d392eade9cbd2546bb57e72a95e6df6) Importer(815301076,1909f56bfc062723c751e8b465ee728b)
Start importing Assets/Day-Night Skyboxes/Textures/SkySunSet_Top.png using Guid(2d392eade9cbd2546bb57e72a95e6df6) Importer(815301076,1909f56bfc062723c751e8b465ee728b)  -> (artifact id: 'b8da111f71e376c6d82639d787d95346') in 0.006111 seconds
Number of updated asset objects reloaded before import = 0
Number of asset objects unloaded after import = 1
========================================================================
Received Import Request.
  Time since last request: 30.625342 seconds.
  path: Assets/Flooded_Grounds/Content/Textures/PROP_ParkBench1_N.tif
  artifactKey: Guid(034c3269537e8b046976a4bdc3912df1) Importer(815301076,1909f56bfc062723c751e8b465ee728b)
Start importing Assets/Flooded_Grounds/Content/Textures/PROP_ParkBench1_N.tif using Guid(034c3269537e8b046976a4bdc3912df1) Importer(815301076,1909f56bfc062723c751e8b465ee728b)  -> (artifact id: '9843d9eabd3b20e746959b1bd5ead7b9') in 0.011552 seconds
Number of updated asset objects reloaded before import = 0
Number of asset objects unloaded after import = 1
========================================================================
Received Import Request.
  Time since last request: 0.117477 seconds.
  path: Assets/Models/Maynard/Textures/Ch30_1002_Specular.png
  artifactKey: Guid(15ea3951d75a96c488ddfd65392510ed) Importer(815301076,1909f56bfc062723c751e8b465ee728b)
Start importing Assets/Models/Maynard/Textures/Ch30_1002_Specular.png using Guid(15ea3951d75a96c488ddfd65392510ed) Importer(815301076,1909f56bfc062723c751e8b465ee728b)  -> (artifact id: '791df845de5fcd600f0a6267467f8221') in 0.008368 seconds
Number of updated asset objects reloaded before import = 0
Number of asset objects unloaded after import = 1
========================================================================
Received Import Request.
  Time since last request: 0.000044 seconds.
  path: Assets/Day-Night Skyboxes/Textures/SkyMorning_Right.png
  artifactKey: Guid(1614bd25d4ad84f40b412f1663830eb9) Importer(815301076,1909f56bfc062723c751e8b465ee728b)
Start importing Assets/Day-Night Skyboxes/Textures/SkyMorning_Right.png using Guid(1614bd25d4ad84f40b412f1663830eb9) Importer(815301076,1909f56bfc062723c751e8b465ee728b)  -> (artifact id: 'e19319047112ea2dcfe3f74e761e907f') in 0.006488 seconds
Number of updated asset objects reloaded before import = 0
Number of asset objects unloaded after import = 1
========================================================================
Received Import Request.
  Time since last request: 0.418695 seconds.
  path: Assets/CTI URP/CTI Runtime Components URP/Resources/CTI_Default_NST.psd
  artifactKey: Guid(2ead43cc16b37764fbb12a8114e43ae9) Importer(815301076,1909f56bfc062723c751e8b465ee728b)
Start importing Assets/CTI URP/CTI Runtime Components URP/Resources/CTI_Default_NST.psd using Guid(2ead43cc16b37764fbb12a8114e43ae9) Importer(815301076,1909f56bfc062723c751e8b465ee728b)  -> (artifact id: 'db59c804ad0f8408cf03c52171cae070') in 0.002218 seconds
Number of updated asset objects reloaded before import = 0
Number of asset objects unloaded after import = 1
Editor requested this worker to shutdown with reason: Scaling down because of idle timeout
TcpMessagingSession - receive error: operation aborted. errorcode: 995, details: The I/O operation has been aborted because of either a thread exit or an application request.
AssetImportWorker is now disconnected from the server
Process exiting
Exiting without the bug reporter. Application will terminate with return code 0